<?xml version="1.0" encoding="UTF-8"?>
<testsuite name="com.example.demo.domain.user.UserControllerTest" tests="1" skipped="0" failures="0" errors="0" timestamp="2022-11-25T13:50:33" hostname="DESKTOP-3G1IK11" time="0.117">
  <properties/>
  <testcase name="Authorized User is allowed to get all users from endpoint '/users/ and should return 200 OK'" classname="com.example.demo.domain.user.UserControllerTest" time="0.117"/>
  <system-out><![CDATA[14:50:11.357 [Test worker] DEBUG org.springframework.test.context.BootstrapUtils - Instantiating CacheAwareContextLoaderDelegate from class [org.springframework.test.context.cache.DefaultCacheAwareContextLoaderDelegate]
14:50:11.382 [Test worker] DEBUG org.springframework.test.context.BootstrapUtils - Instantiating BootstrapContext using constructor [public org.springframework.test.context.support.DefaultBootstrapContext(java.lang.Class,org.springframework.test.context.CacheAwareContextLoaderDelegate)]
14:50:11.455 [Test worker] DEBUG org.springframework.test.context.BootstrapUtils - Instantiating TestContextBootstrapper for test class [com.example.demo.domain.user.UserControllerTest] from class [org.springframework.boot.test.context.SpringBootTestContextBootstrapper]
14:50:11.483 [Test worker] INFO org.springframework.boot.test.context.SpringBootTestContextBootstrapper - Neither @ContextConfiguration nor @ContextHierarchy found for test class [com.example.demo.domain.user.UserControllerTest], using SpringBootContextLoader
14:50:11.495 [Test worker] DEBUG org.springframework.test.context.support.AbstractContextLoader - Did not detect default resource location for test class [com.example.demo.domain.user.UserControllerTest]: class path resource [com/example/demo/domain/user/UserControllerTest-context.xml] does not exist
14:50:11.496 [Test worker] DEBUG org.springframework.test.context.support.AbstractContextLoader - Did not detect default resource location for test class [com.example.demo.domain.user.UserControllerTest]: class path resource [com/example/demo/domain/user/UserControllerTestContext.groovy] does not exist
14:50:11.497 [Test worker] INFO org.springframework.test.context.support.AbstractContextLoader - Could not detect default resource locations for test class [com.example.demo.domain.user.UserControllerTest]: no resource found for suffixes {-context.xml, Context.groovy}.
14:50:11.499 [Test worker] INFO org.springframework.test.context.support.AnnotationConfigContextLoaderUtils - Could not detect default configuration classes for test class [com.example.demo.domain.user.UserControllerTest]: UserControllerTest does not declare any static, non-private, non-final, nested classes annotated with @Configuration.
14:50:11.660 [Test worker] DEBUG org.springframework.test.context.support.ActiveProfilesUtils - Could not find an 'annotation declaring class' for annotation type [org.springframework.test.context.ActiveProfiles] and class [com.example.demo.domain.user.UserControllerTest]
14:50:11.829 [Test worker] DEBUG org.springframework.context.annotation.ClassPathScanningCandidateComponentProvider - Identified candidate component class: file [C:\Source\github\uek223-docker\docker-backend-uek223\backend\build\classes\java\main\com\example\demo\DemoApplication.class]
14:50:11.832 [Test worker] INFO org.springframework.boot.test.context.SpringBootTestContextBootstrapper - Found @SpringBootConfiguration com.example.demo.DemoApplication for test class com.example.demo.domain.user.UserControllerTest
14:50:12.059 [Test worker] DEBUG org.springframework.boot.test.context.SpringBootTestContextBootstrapper - @TestExecutionListeners is not present for class [com.example.demo.domain.user.UserControllerTest]: using defaults.
14:50:12.060 [Test worker] INFO org.springframework.boot.test.context.SpringBootTestContextBootstrapper - Loaded default TestExecutionListener class names from location [META-INF/spring.factories]: [org.springframework.security.test.context.support.WithSecurityContextTestExecutionListener, org.springframework.security.test.context.support.ReactorContextTestExecutionListener, org.springframework.boot.test.autoconfigure.restdocs.RestDocsTestExecutionListener, org.springframework.boot.test.autoconfigure.web.client.MockRestServiceServerResetTestExecutionListener, org.springframework.boot.test.autoconfigure.web.servlet.MockMvcPrintOnlyOnFailureTestExecutionListener, org.springframework.boot.test.autoconfigure.web.servlet.WebDriverTestExecutionListener, org.springframework.boot.test.autoconfigure.webservices.client.MockWebServiceServerTestExecutionListener, org.springframework.boot.test.mock.mockito.MockitoTestExecutionListener, org.springframework.boot.test.mock.mockito.ResetMocksTestExecutionListener, org.springframework.test.context.web.ServletTestExecutionListener, org.springframework.test.context.support.DirtiesContextBeforeModesTestExecutionListener, org.springframework.test.context.event.ApplicationEventsTestExecutionListener, org.springframework.test.context.support.DependencyInjectionTestExecutionListener, org.springframework.test.context.support.DirtiesContextTestExecutionListener, org.springframework.test.context.transaction.TransactionalTestExecutionListener, org.springframework.test.context.jdbc.SqlScriptsTestExecutionListener, org.springframework.test.context.event.EventPublishingTestExecutionListener]
14:50:12.114 [Test worker] INFO org.springframework.boot.test.context.SpringBootTestContextBootstrapper - Using TestExecutionListeners: [org.springframework.test.context.web.ServletTestExecutionListener@1eef9aef, org.springframework.test.context.support.DirtiesContextBeforeModesTestExecutionListener@11389053, org.springframework.test.context.event.ApplicationEventsTestExecutionListener@5db99216, org.springframework.boot.test.mock.mockito.MockitoTestExecutionListener@3ec11999, org.springframework.boot.test.autoconfigure.SpringBootDependencyInjectionTestExecutionListener@5c1bd44c, org.springframework.test.context.support.DirtiesContextTestExecutionListener@9f46d94, org.springframework.test.context.transaction.TransactionalTestExecutionListener@18cc679e, org.springframework.test.context.jdbc.SqlScriptsTestExecutionListener@2e77b8cf, org.springframework.security.test.context.support.WithSecurityContextTestExecutionListener@2c4ca0f9, org.springframework.test.context.event.EventPublishingTestExecutionListener@67ef029, org.springframework.security.test.context.support.ReactorContextTestExecutionListener@7df587ef, org.springframework.boot.test.autoconfigure.restdocs.RestDocsTestExecutionListener@6e57e95e, org.springframework.boot.test.autoconfigure.web.client.MockRestServiceServerResetTestExecutionListener@2755d705, org.springframework.boot.test.autoconfigure.web.servlet.MockMvcPrintOnlyOnFailureTestExecutionListener@56db847e, org.springframework.boot.test.autoconfigure.web.servlet.WebDriverTestExecutionListener@740abb5, org.springframework.boot.test.autoconfigure.webservices.client.MockWebServiceServerTestExecutionListener@560cbf1a, org.springframework.boot.test.mock.mockito.ResetMocksTestExecutionListener@5fe8b721]
14:50:12.125 [Test worker] DEBUG org.springframework.test.context.support.AbstractDirtiesContextTestExecutionListener - Before test class: context [DefaultTestContext@61a002b1 testClass = UserControllerTest, testInstance = [null], testMethod = [null], testException = [null], mergedContextConfiguration = [WebMergedContextConfiguration@4eeea57d testClass = UserControllerTest, locations = '{}', classes = '{class com.example.demo.DemoApplication}', contextInitializerClasses = '[]', activeProfiles = '{}', propertySourceLocations = '{}', propertySourceProperties = '{org.springframework.boot.test.context.SpringBootTestContextBootstrapper=true}', contextCustomizers = set[org.springframework.boot.test.autoconfigure.actuate.metrics.MetricsExportContextCustomizerFactory$DisableMetricExportContextCustomizer@604f2bd2, org.springframework.boot.test.autoconfigure.properties.PropertyMappingContextCustomizer@4b3fa0b3, org.springframework.boot.test.autoconfigure.web.servlet.WebDriverContextCustomizerFactory$Customizer@1f6c9cd8, [ImportsContextCustomizer@780ec4a5 key = [org.springframework.boot.test.autoconfigure.web.servlet.MockMvcAutoConfiguration, org.springframework.boot.test.autoconfigure.web.servlet.MockMvcWebClientAutoConfiguration, org.springframework.boot.test.autoconfigure.web.servlet.MockMvcWebDriverAutoConfiguration, org.springframework.boot.autoconfigure.security.oauth2.client.servlet.OAuth2ClientAutoConfiguration, org.springframework.boot.autoconfigure.security.oauth2.resource.servlet.OAuth2ResourceServerAutoConfiguration, org.springframework.boot.autoconfigure.security.servlet.SecurityAutoConfiguration, org.springframework.boot.autoconfigure.security.servlet.SecurityFilterAutoConfiguration, org.springframework.boot.autoconfigure.security.servlet.UserDetailsServiceAutoConfiguration, org.springframework.boot.test.autoconfigure.web.servlet.MockMvcSecurityConfiguration, org.springframework.boot.test.autoconfigure.web.reactive.WebTestClientAutoConfiguration]], org.springframework.boot.test.context.filter.ExcludeFilterContextCustomizer@6622fc65, org.springframework.boot.test.json.DuplicateJsonObjectContextCustomizerFactory$DuplicateJsonObjectContextCustomizer@25a6944c, org.springframework.boot.test.mock.mockito.MockitoContextCustomizer@c4f99a00, org.springframework.boot.test.web.client.TestRestTemplateContextCustomizer@3d97a632, org.springframework.boot.test.context.SpringBootTestArgs@1, org.springframework.boot.test.context.SpringBootTestWebEnvironment@56cdfb3b], resourceBasePath = 'src/main/webapp', contextLoader = 'org.springframework.boot.test.context.SpringBootContextLoader', parent = [null]], attributes = map['org.springframework.test.context.web.ServletTestExecutionListener.activateListener' -> true]], class annotated with @DirtiesContext [false] with mode [null].

  .   ____          _            __ _ _
 /\\ / ___'_ __ _ _(_)_ __  __ _ \ \ \ \
( ( )\___ | '_ | '_| | '_ \/ _` | \ \ \ \
 \\/  ___)| |_)| | | | | || (_| |  ) ) ) )
  '  |____| .__|_| |_|_| |_\__, | / / / /
 =========|_|==============|___/=/_/_/_/
 :: Spring Boot ::                (v2.7.3)

2022-11-25 14:50:12.915  INFO 25216 --- [    Test worker] c.e.demo.domain.user.UserControllerTest  : Starting UserControllerTest using Java 18.0.2.1 on DESKTOP-3G1IK11 with PID 25216 (started by Sophia Moos in C:\Source\github\uek223-docker\docker-backend-uek223\backend)
2022-11-25 14:50:12.917 DEBUG 25216 --- [    Test worker] c.e.demo.domain.user.UserControllerTest  : Running with Spring Boot v2.7.3, Spring v5.3.22
2022-11-25 14:50:12.918  INFO 25216 --- [    Test worker] c.e.demo.domain.user.UserControllerTest  : No active profile set, falling back to 1 default profile: "default"
2022-11-25 14:50:12.920 DEBUG 25216 --- [    Test worker] o.s.boot.SpringApplication               : Loading source class com.example.demo.DemoApplication
2022-11-25 14:50:12.920 DEBUG 25216 --- [kground-preinit] org.jboss.logging                        : Logging Provider: org.jboss.logging.Log4j2LoggerProvider
2022-11-25 14:50:12.934 DEBUG 25216 --- [kground-preinit] o.h.v.i.xml.config.ValidationXmlParser   : Trying to load META-INF/validation.xml for XML based Validator configuration.
2022-11-25 14:50:12.937 DEBUG 25216 --- [kground-preinit] o.h.v.i.xml.config.ResourceLoaderHelper  : Trying to load META-INF/validation.xml via TCCL
2022-11-25 14:50:12.938 DEBUG 25216 --- [kground-preinit] o.h.v.i.xml.config.ResourceLoaderHelper  : Trying to load META-INF/validation.xml via Hibernate Validator's class loader
2022-11-25 14:50:12.940 DEBUG 25216 --- [kground-preinit] o.h.v.i.xml.config.ValidationXmlParser   : No META-INF/validation.xml found. Using annotation based configuration only.
2022-11-25 14:50:12.958 DEBUG 25216 --- [kground-preinit] o.h.v.i.e.resolver.TraversableResolvers  : Found javax.persistence.Persistence on classpath containing 'getPersistenceUtil'. Assuming JPA 2 environment. Trying to instantiate JPA aware TraversableResolver
2022-11-25 14:50:12.960 DEBUG 25216 --- [kground-preinit] o.h.v.i.e.resolver.TraversableResolvers  : Instantiated JPA aware TraversableResolver of type org.hibernate.validator.internal.engine.resolver.JPATraversableResolver.
2022-11-25 14:50:12.965 DEBUG 25216 --- [    Test worker] o.s.w.c.s.GenericWebApplicationContext   : Refreshing org.springframework.web.context.support.GenericWebApplicationContext@f973499
2022-11-25 14:50:13.027 DEBUG 25216 --- [    Test worker] o.s.b.f.s.DefaultListableBeanFactory     : Creating shared instance of singleton bean 'org.springframework.context.annotation.internalConfigurationAnnotationProcessor'
2022-11-25 14:50:13.036 DEBUG 25216 --- [kground-preinit] .h.v.m.ResourceBundleMessageInterpolator : Loaded expression factory via original TCCL
2022-11-25 14:50:13.081 DEBUG 25216 --- [    Test worker] o.s.b.f.s.DefaultListableBeanFactory     : Creating shared instance of singleton bean 'org.springframework.boot.autoconfigure.internalCachingMetadataReaderFactory'
2022-11-25 14:50:13.429 DEBUG 25216 --- [    Test worker] o.s.c.a.ClassPathBeanDefinitionScanner   : Identified candidate component class: file [C:\Source\github\uek223-docker\docker-backend-uek223\backend\build\classes\java\main\com\example\demo\core\exception\CustomGlobalExceptionHandler.class]
2022-11-25 14:50:13.461 DEBUG 25216 --- [    Test worker] o.s.c.a.ClassPathBeanDefinitionScanner   : Identified candidate component class: file [C:\Source\github\uek223-docker\docker-backend-uek223\backend\build\classes\java\main\com\example\demo\core\logging\LoggerConfig.class]
2022-11-25 14:50:13.485 DEBUG 25216 --- [    Test worker] o.s.c.a.ClassPathBeanDefinitionScanner   : Identified candidate component class: file [C:\Source\github\uek223-docker\docker-backend-uek223\backend\build\classes\java\main\com\example\demo\core\security\WebSecurityConfig.class]
2022-11-25 14:50:13.487 DEBUG 25216 --- [    Test worker] o.s.c.a.ClassPathBeanDefinitionScanner   : Identified candidate component class: file [C:\Source\github\uek223-docker\docker-backend-uek223\backend\build\classes\java\main\com\example\demo\core\security\config\Encoders.class]
2022-11-25 14:50:13.492 DEBUG 25216 --- [    Test worker] o.s.c.a.ClassPathBeanDefinitionScanner   : Identified candidate component class: file [C:\Source\github\uek223-docker\docker-backend-uek223\backend\build\classes\java\main\com\example\demo\core\security\helpers\JwtProperties.class]
2022-11-25 14:50:13.496 DEBUG 25216 --- [    Test worker] o.s.c.a.ClassPathBeanDefinitionScanner   : Identified candidate component class: file [C:\Source\github\uek223-docker\docker-backend-uek223\backend\build\classes\java\main\com\example\demo\core\security\permissionEvaluators\UserPermissionEvaluator.class]
2022-11-25 14:50:13.504 DEBUG 25216 --- [    Test worker] o.s.c.a.ClassPathBeanDefinitionScanner   : Identified candidate component class: file [C:\Source\github\uek223-docker\docker-backend-uek223\backend\build\classes\java\main\com\example\demo\core\security\validators\link\LinkValidator.class]
2022-11-25 14:50:13.511 DEBUG 25216 --- [    Test worker] o.s.c.a.ClassPathBeanDefinitionScanner   : Identified candidate component class: file [C:\Source\github\uek223-docker\docker-backend-uek223\backend\build\classes\java\main\com\example\demo\domain\authority\dto\AuthorityMapperImpl.class]
2022-11-25 14:50:13.526 DEBUG 25216 --- [    Test worker] o.s.c.a.ClassPathBeanDefinitionScanner   : Identified candidate component class: file [C:\Source\github\uek223-docker\docker-backend-uek223\backend\build\classes\java\main\com\example\demo\domain\myListEntry\MyListEntryController.class]
2022-11-25 14:50:13.529 DEBUG 25216 --- [    Test worker] o.s.c.a.ClassPathBeanDefinitionScanner   : Ignored because not a concrete top-level class: file [C:\Source\github\uek223-docker\docker-backend-uek223\backend\build\classes\java\main\com\example\demo\domain\myListEntry\MyListEntryRepository.class]
2022-11-25 14:50:13.531 DEBUG 25216 --- [    Test worker] o.s.c.a.ClassPathBeanDefinitionScanner   : Ignored because not a concrete top-level class: file [C:\Source\github\uek223-docker\docker-backend-uek223\backend\build\classes\java\main\com\example\demo\domain\myListEntry\MyListEntryService.class]
2022-11-25 14:50:13.537 DEBUG 25216 --- [    Test worker] o.s.c.a.ClassPathBeanDefinitionScanner   : Identified candidate component class: file [C:\Source\github\uek223-docker\docker-backend-uek223\backend\build\classes\java\main\com\example\demo\domain\myListEntry\MyListEntryServiceImpl.class]
2022-11-25 14:50:13.540 DEBUG 25216 --- [    Test worker] o.s.c.a.ClassPathBeanDefinitionScanner   : Identified candidate component class: file [C:\Source\github\uek223-docker\docker-backend-uek223\backend\build\classes\java\main\com\example\demo\domain\myListEntry\dto\MyListEntryMapperImpl.class]
2022-11-25 14:50:13.545 DEBUG 25216 --- [    Test worker] o.s.c.a.ClassPathBeanDefinitionScanner   : Identified candidate component class: file [C:\Source\github\uek223-docker\docker-backend-uek223\backend\build\classes\java\main\com\example\demo\domain\role\dto\RoleMapperImpl.class]
2022-11-25 14:50:13.548 DEBUG 25216 --- [    Test worker] o.s.c.a.ClassPathBeanDefinitionScanner   : Identified candidate component class: file [C:\Source\github\uek223-docker\docker-backend-uek223\backend\build\classes\java\main\com\example\demo\domain\user\UserController.class]
2022-11-25 14:50:13.551 DEBUG 25216 --- [    Test worker] o.s.c.a.ClassPathBeanDefinitionScanner   : Ignored because not a concrete top-level class: file [C:\Source\github\uek223-docker\docker-backend-uek223\backend\build\classes\java\main\com\example\demo\domain\user\UserRepository.class]
2022-11-25 14:50:13.553 DEBUG 25216 --- [    Test worker] o.s.c.a.ClassPathBeanDefinitionScanner   : Identified candidate component class: file [C:\Source\github\uek223-docker\docker-backend-uek223\backend\build\classes\java\main\com\example\demo\domain\user\UserServiceImpl.class]
2022-11-25 14:50:13.558 DEBUG 25216 --- [    Test worker] o.s.c.a.ClassPathBeanDefinitionScanner   : Identified candidate component class: file [C:\Source\github\uek223-docker\docker-backend-uek223\backend\build\classes\java\main\com\example\demo\domain\user\dto\UserMapperImpl.class]
2022-11-25 14:50:13.691 DEBUG 25216 --- [kground-preinit] .i.e.ValidatorFactoryConfigurationHelper : HV000252: Using org.hibernate.validator.internal.engine.DefaultPropertyNodeNameProvider as property node name provider.
2022-11-25 14:50:13.720 DEBUG 25216 --- [kground-preinit] .i.e.ValidatorFactoryConfigurationHelper : HV000234: Using org.hibernate.validator.messageinterpolation.ResourceBundleMessageInterpolator as ValidatorFactory-scoped message interpolator.
2022-11-25 14:50:13.720 DEBUG 25216 --- [kground-preinit] .i.e.ValidatorFactoryConfigurationHelper : HV000234: Using org.hibernate.validator.internal.engine.resolver.JPATraversableResolver as ValidatorFactory-scoped traversable resolver.
2022-11-25 14:50:13.721 DEBUG 25216 --- [kground-preinit] .i.e.ValidatorFactoryConfigurationHelper : HV000234: Using org.hibernate.validator.internal.util.ExecutableParameterNameProvider as ValidatorFactory-scoped parameter name provider.
2022-11-25 14:50:13.722 DEBUG 25216 --- [kground-preinit] .i.e.ValidatorFactoryConfigurationHelper : HV000234: Using org.hibernate.validator.internal.engine.DefaultClockProvider as ValidatorFactory-scoped clock provider.
2022-11-25 14:50:13.723 DEBUG 25216 --- [kground-preinit] .i.e.ValidatorFactoryConfigurationHelper : HV000234: Using org.hibernate.validator.internal.engine.scripting.DefaultScriptEvaluatorFactory as ValidatorFactory-scoped script evaluator factory.
2022-11-25 14:50:16.217  INFO 25216 --- [    Test worker] .s.d.r.c.RepositoryConfigurationDelegate : Bootstrapping Spring Data JPA repositories in DEFAULT mode.
2022-11-25 14:50:16.254 DEBUG 25216 --- [    Test worker] o.s.b.f.s.DefaultListableBeanFactory     : Creating shared instance of singleton bean 'org.springframework.boot.autoconfigure.AutoConfigurationPackages'
2022-11-25 14:50:16.255 DEBUG 25216 --- [    Test worker] o.s.b.a.AutoConfigurationPackages        : @EnableAutoConfiguration was declared on a class in the package 'com.example.demo'. Automatic @Repository and @Entity scanning is enabled.
2022-11-25 14:50:16.259 DEBUG 25216 --- [    Test worker] .s.d.r.c.RepositoryConfigurationDelegate : Scanning for JPA repositories in packages com.example.demo.
2022-11-25 14:50:16.320 DEBUG 25216 --- [    Test worker] o.s.d.r.c.RepositoryComponentProvider    : Identified candidate component class: file [C:\Source\github\uek223-docker\docker-backend-uek223\backend\build\classes\java\main\com\example\demo\core\generic\ExtendedRepository.class]
2022-11-25 14:50:16.349 DEBUG 25216 --- [    Test worker] o.s.d.r.c.RepositoryComponentProvider    : Identified candidate component class: file [C:\Source\github\uek223-docker\docker-backend-uek223\backend\build\classes\java\main\com\example\demo\domain\myListEntry\MyListEntryRepository.class]
2022-11-25 14:50:16.358 DEBUG 25216 --- [    Test worker] o.s.d.r.c.RepositoryComponentProvider    : Identified candidate component class: file [C:\Source\github\uek223-docker\docker-backend-uek223\backend\build\classes\java\main\com\example\demo\domain\user\UserRepository.class]
2022-11-25 14:50:16.503 DEBUG 25216 --- [    Test worker] ssPathScanningCandidateComponentProvider : Ignored because not a concrete top-level class: file [C:\Source\github\uek223-docker\docker-backend-uek223\backend\build\classes\java\main\com\example\demo\core\generic\ExtendedServiceImpl.class]
2022-11-25 14:50:16.506 DEBUG 25216 --- [    Test worker] ssPathScanningCandidateComponentProvider : Identified candidate component class: file [C:\Source\github\uek223-docker\docker-backend-uek223\backend\build\classes\java\main\com\example\demo\domain\authority\dto\AuthorityMapperImpl.class]
2022-11-25 14:50:16.506 DEBUG 25216 --- [    Test worker] ssPathScanningCandidateComponentProvider : Identified candidate component class: file [C:\Source\github\uek223-docker\docker-backend-uek223\backend\build\classes\java\main\com\example\demo\domain\myListEntry\MyListEntryServiceImpl.class]
2022-11-25 14:50:16.507 DEBUG 25216 --- [    Test worker] ssPathScanningCandidateComponentProvider : Identified candidate component class: file [C:\Source\github\uek223-docker\docker-backend-uek223\backend\build\classes\java\main\com\example\demo\domain\myListEntry\dto\MyListEntryMapperImpl.class]
2022-11-25 14:50:16.511 DEBUG 25216 --- [    Test worker] ssPathScanningCandidateComponentProvider : Identified candidate component class: file [C:\Source\github\uek223-docker\docker-backend-uek223\backend\build\classes\java\main\com\example\demo\domain\role\dto\RoleMapperImpl.class]
2022-11-25 14:50:16.512 DEBUG 25216 --- [    Test worker] ssPathScanningCandidateComponentProvider : Identified candidate component class: file [C:\Source\github\uek223-docker\docker-backend-uek223\backend\build\classes\java\main\com\example\demo\domain\user\UserDetailsImpl.class]
2022-11-25 14:50:16.513 DEBUG 25216 --- [    Test worker] ssPathScanningCandidateComponentProvider : Identified candidate component class: file [C:\Source\github\uek223-docker\docker-backend-uek223\backend\build\classes\java\main\com\example\demo\domain\user\UserServiceImpl.class]
2022-11-25 14:50:16.513 DEBUG 25216 --- [    Test worker] ssPathScanningCandidateComponentProvider : Identified candidate component class: file [C:\Source\github\uek223-docker\docker-backend-uek223\backend\build\classes\java\main\com\example\demo\domain\user\dto\UserMapperImpl.class]
2022-11-25 14:50:16.631  INFO 25216 --- [    Test worker] .s.d.r.c.RepositoryConfigurationDelegate : Finished Spring Data repository scanning in 368 ms. Found 3 JPA repository interfaces.
2022-11-25 14:50:17.091 DEBUG 25216 --- [    Test worker] o.s.b.f.s.DefaultListableBeanFactory     : Creating shared instance of singleton bean 'org.springframework.boot.test.context.ImportsContextCustomizer$ImportsCleanupPostProcessor'
2022-11-25 14:50:17.403 DEBUG 25216 --- [    Test worker] o.s.b.f.s.DefaultListableBeanFactory     : Creating shared instance of singleton bean 'propertySourcesPlaceholderConfigurer'
2022-11-25 14:50:17.426 DEBUG 25216 --- [    Test worker] o.s.b.f.s.DefaultListableBeanFactory     : Creating shared instance of singleton bean 'org.springframework.boot.test.mock.mockito.MockitoPostProcessor'
2022-11-25 14:50:17.430 DEBUG 25216 --- [    Test worker] o.s.b.f.s.DefaultListableBeanFactory     : Creating shared instance of singleton bean 'emBeanDefinitionRegistrarPostProcessor'
2022-11-25 14:50:17.432 DEBUG 25216 --- [    Test worker] o.s.b.f.s.DefaultListableBeanFactory     : Creating shared instance of singleton bean 'org.springframework.boot.sql.init.dependency.DatabaseInitializationDependencyConfigurer$DependsOnDatabaseInitializationPostProcessor'
2022-11-25 14:50:19.924 DEBUG 25216 --- [    Test worker] o.s.b.f.s.DefaultListableBeanFactory     : Creating shared instance of singleton bean 'org.springframework.context.event.internalEventListenerProcessor'
2022-11-25 14:50:19.929 DEBUG 25216 --- [    Test worker] o.s.b.f.s.DefaultListableBeanFactory     : Creating shared instance of singleton bean 'preserveErrorControllerTargetClassPostProcessor'
2022-11-25 14:50:19.931 DEBUG 25216 --- [    Test worker] o.s.b.f.s.DefaultListableBeanFactory     : Creating shared instance of singleton bean 'conversionServicePostProcessor'
2022-11-25 14:50:19.953 DEBUG 25216 --- [    Test worker] o.s.b.f.s.DefaultListableBeanFactory     : Creating shared instance of singleton bean 'org.springframework.context.event.internalEventListenerFactory'
2022-11-25 14:50:19.954 DEBUG 25216 --- [    Test worker] o.s.b.f.s.DefaultListableBeanFactory     : Creating shared instance of singleton bean 'org.springframework.transaction.config.internalTransactionalEventListenerFactory'
2022-11-25 14:50:19.967 DEBUG 25216 --- [    Test worker] o.s.b.f.s.DefaultListableBeanFactory     : Creating shared instance of singleton bean 'org.springframework.context.annotation.internalAutowiredAnnotationProcessor'
2022-11-25 14:50:19.971 DEBUG 25216 --- [    Test worker] o.s.b.f.s.DefaultListableBeanFactory     : Creating shared instance of singleton bean 'org.springframework.context.annotation.internalCommonAnnotationProcessor'
2022-11-25 14:50:19.986 DEBUG 25216 --- [    Test worker] o.s.b.f.s.DefaultListableBeanFactory     : Creating shared instance of singleton bean 'org.springframework.context.annotation.internalPersistenceAnnotationProcessor'
2022-11-25 14:50:19.988 DEBUG 25216 --- [    Test worker] o.s.b.f.s.DefaultListableBeanFactory     : Creating shared instance of singleton bean 'org.springframework.boot.test.mock.mockito.MockitoPostProcessor$SpyPostProcessor'
2022-11-25 14:50:19.990 DEBUG 25216 --- [    Test worker] o.s.b.f.s.DefaultListableBeanFactory     : Creating shared instance of singleton bean 'org.springframework.boot.context.properties.ConfigurationPropertiesBindingPostProcessor'
2022-11-25 14:50:19.991 DEBUG 25216 --- [    Test worker] o.s.b.f.s.DefaultListableBeanFactory     : Creating shared instance of singleton bean 'org.springframework.boot.context.internalConfigurationPropertiesBinder'
2022-11-25 14:50:19.991 DEBUG 25216 --- [    Test worker] o.s.b.f.s.DefaultListableBeanFactory     : Creating shared instance of singleton bean 'org.springframework.boot.context.internalConfigurationPropertiesBinderFactory'
2022-11-25 14:50:20.003 DEBUG 25216 --- [    Test worker] o.s.b.f.s.DefaultListableBeanFactory     : Creating shared instance of singleton bean 'org.springframework.aop.config.internalAutoProxyCreator'
2022-11-25 14:50:20.155 DEBUG 25216 --- [    Test worker] o.s.b.f.s.DefaultListableBeanFactory     : Creating shared instance of singleton bean 'methodValidationPostProcessor'
2022-11-25 14:50:20.221 DEBUG 25216 --- [    Test worker] o.s.b.f.s.DefaultListableBeanFactory     : Autowiring by type from bean name 'methodValidationPostProcessor' via factory method to bean named 'environment'
2022-11-25 14:50:20.227 DEBUG 25216 --- [    Test worker] o.s.b.f.s.DefaultListableBeanFactory     : Creating shared instance of singleton bean 'org.springframework.boot.context.properties.EnableConfigurationPropertiesRegistrar.methodValidationExcludeFilter'
2022-11-25 14:50:20.306 DEBUG 25216 --- [    Test worker] o.s.b.f.s.DefaultListableBeanFactory     : Creating shared instance of singleton bean 'persistenceExceptionTranslationPostProcessor'
2022-11-25 14:50:20.309 DEBUG 25216 --- [    Test worker] o.s.b.f.s.DefaultListableBeanFactory     : Autowiring by type from bean name 'persistenceExceptionTranslationPostProcessor' via factory method to bean named 'environment'
2022-11-25 14:50:20.346 DEBUG 25216 --- [    Test worker] o.s.b.f.s.DefaultListableBeanFactory     : Creating shared instance of singleton bean 'webServerFactoryCustomizerBeanPostProcessor'
2022-11-25 14:50:20.357 DEBUG 25216 --- [    Test worker] o.s.b.f.s.DefaultListableBeanFactory     : Creating shared instance of singleton bean 'errorPageRegistrarBeanPostProcessor'
2022-11-25 14:50:20.367 DEBUG 25216 --- [    Test worker] o.s.b.f.s.DefaultListableBeanFactory     : Creating shared instance of singleton bean 'projectingArgumentResolverBeanPostProcessor'
2022-11-25 14:50:20.370 DEBUG 25216 --- [    Test worker] o.s.b.f.s.DefaultListableBeanFactory     : Creating shared instance of singleton bean 'metaDataSourceAdvisor'
2022-11-25 14:50:20.371 DEBUG 25216 --- [    Test worker] o.s.b.f.s.DefaultListableBeanFactory     : Creating shared instance of singleton bean 'methodSecurityMetadataSource'
2022-11-25 14:50:20.372 DEBUG 25216 --- [    Test worker] o.s.b.f.s.DefaultListableBeanFactory     : Creating shared instance of singleton bean 'org.springframework.security.config.annotation.method.configuration.GlobalMethodSecurityConfiguration'
2022-11-25 14:50:20.372 DEBUG 25216 --- [    Test worker] o.s.b.f.s.DefaultListableBeanFactory     : Creating shared instance of singleton bean 'org.springframework.transaction.config.internalTransactionAdvisor'
2022-11-25 14:50:20.373 DEBUG 25216 --- [    Test worker] o.s.b.f.s.DefaultListableBeanFactory     : Creating shared instance of singleton bean 'org.springframework.transaction.annotation.ProxyTransactionManagementConfiguration'
2022-11-25 14:50:20.407 DEBUG 25216 --- [    Test worker] o.s.b.f.s.DefaultListableBeanFactory     : Creating shared instance of singleton bean 'transactionAttributeSource'
2022-11-25 14:50:20.424 DEBUG 25216 --- [    Test worker] o.s.b.f.s.DefaultListableBeanFactory     : Creating shared instance of singleton bean 'transactionInterceptor'
2022-11-25 14:50:20.426 DEBUG 25216 --- [    Test worker] o.s.b.f.s.DefaultListableBeanFactory     : Autowiring by type from bean name 'transactionInterceptor' via factory method to bean named 'transactionAttributeSource'
2022-11-25 14:50:20.470 DEBUG 25216 --- [    Test worker] o.s.b.f.s.DefaultListableBeanFactory     : Autowiring by type from bean name 'org.springframework.transaction.config.internalTransactionAdvisor' via factory method to bean named 'transactionAttributeSource'
2022-11-25 14:50:20.470 DEBUG 25216 --- [    Test worker] o.s.b.f.s.DefaultListableBeanFactory     : Autowiring by type from bean name 'org.springframework.transaction.config.internalTransactionAdvisor' via factory method to bean named 'transactionInterceptor'
2022-11-25 14:50:20.555 DEBUG 25216 --- [    Test worker] o.s.b.f.s.DefaultListableBeanFactory     : Creating shared instance of singleton bean 'objectPostProcessor'
2022-11-25 14:50:20.555 DEBUG 25216 --- [    Test worker] o.s.b.f.s.DefaultListableBeanFactory     : Creating shared instance of singleton bean 'org.springframework.security.config.annotation.configuration.ObjectPostProcessorConfiguration'
2022-11-25 14:50:20.568 DEBUG 25216 --- [    Test worker] o.s.b.f.s.DefaultListableBeanFactory     : Autowiring by type from bean name 'objectPostProcessor' via factory method to bean named 'org.springframework.beans.factory.support.DefaultListableBeanFactory@4dafba3e'
2022-11-25 14:50:20.763 DEBUG 25216 --- [    Test worker] o.s.u.c.s.UiApplicationContextUtils      : Unable to locate ThemeSource with name 'themeSource': using default [org.springframework.ui.context.support.ResourceBundleThemeSource@14a1769d]
2022-11-25 14:50:20.766 DEBUG 25216 --- [    Test worker] o.s.b.f.s.DefaultListableBeanFactory     : Creating shared instance of singleton bean 'entityManagerFactory'
2022-11-25 14:50:20.767 DEBUG 25216 --- [    Test worker] o.s.b.f.s.DefaultListableBeanFactory     : Creating shared instance of singleton bean 'org.springframework.boot.autoconfigure.orm.jpa.HibernateJpaConfiguration'
2022-11-25 14:50:20.769 DEBUG 25216 --- [    Test worker] o.s.b.f.s.DefaultListableBeanFactory     : Creating shared instance of singleton bean 'dataSource'
2022-11-25 14:50:20.770 DEBUG 25216 --- [    Test worker] o.s.b.f.s.DefaultListableBeanFactory     : Creating shared instance of singleton bean 'org.springframework.boot.autoconfigure.jdbc.DataSourceConfiguration$Hikari'
2022-11-25 14:50:20.777 DEBUG 25216 --- [    Test worker] o.s.b.f.s.DefaultListableBeanFactory     : Creating shared instance of singleton bean 'spring.datasource-org.springframework.boot.autoconfigure.jdbc.DataSourceProperties'
2022-11-25 14:50:20.793 DEBUG 25216 --- [    Test worker] o.s.b.f.s.DefaultListableBeanFactory     : Creating shared instance of singleton bean 'org.springframework.boot.context.properties.BoundConfigurationProperties'
2022-11-25 14:50:20.857 DEBUG 25216 --- [    Test worker] o.s.b.f.s.DefaultListableBeanFactory     : Autowiring by type from bean name 'dataSource' via factory method to bean named 'spring.datasource-org.springframework.boot.autoconfigure.jdbc.DataSourceProperties'
2022-11-25 14:50:20.871 DEBUG 25216 --- [    Test worker] com.zaxxer.hikari.HikariConfig           : Driver class org.postgresql.Driver found in Thread context class loader jdk.internal.loader.ClassLoaders$AppClassLoader@c387f44
2022-11-25 14:50:20.971 DEBUG 25216 --- [    Test worker] o.s.b.f.s.DefaultListableBeanFactory     : Creating shared instance of singleton bean 'spring.jpa-org.springframework.boot.autoconfigure.orm.jpa.JpaProperties'
2022-11-25 14:50:20.989 DEBUG 25216 --- [    Test worker] o.s.b.f.s.DefaultListableBeanFactory     : Creating shared instance of singleton bean 'spring.jpa.hibernate-org.springframework.boot.autoconfigure.orm.jpa.HibernateProperties'
2022-11-25 14:50:21.002 DEBUG 25216 --- [    Test worker] o.s.b.f.s.DefaultListableBeanFactory     : Autowiring by type from bean name 'org.springframework.boot.autoconfigure.orm.jpa.HibernateJpaConfiguration' via constructor to bean named 'dataSource'
2022-11-25 14:50:21.002 DEBUG 25216 --- [    Test worker] o.s.b.f.s.DefaultListableBeanFactory     : Autowiring by type from bean name 'org.springframework.boot.autoconfigure.orm.jpa.HibernateJpaConfiguration' via constructor to bean named 'spring.jpa-org.springframework.boot.autoconfigure.orm.jpa.JpaProperties'
2022-11-25 14:50:21.002 DEBUG 25216 --- [    Test worker] o.s.b.f.s.DefaultListableBeanFactory     : Autowiring by type from bean name 'org.springframework.boot.autoconfigure.orm.jpa.HibernateJpaConfiguration' via constructor to bean named 'org.springframework.beans.factory.support.DefaultListableBeanFactory@4dafba3e'
2022-11-25 14:50:21.002 DEBUG 25216 --- [    Test worker] o.s.b.f.s.DefaultListableBeanFactory     : Autowiring by type from bean name 'org.springframework.boot.autoconfigure.orm.jpa.HibernateJpaConfiguration' via constructor to bean named 'spring.jpa.hibernate-org.springframework.boot.autoconfigure.orm.jpa.HibernateProperties'
2022-11-25 14:50:21.021 DEBUG 25216 --- [    Test worker] o.s.b.f.s.DefaultListableBeanFactory     : Creating shared instance of singleton bean 'hikariPoolDataSourceMetadataProvider'
2022-11-25 14:50:21.021 DEBUG 25216 --- [    Test worker] o.s.b.f.s.DefaultListableBeanFactory     : Creating shared instance of singleton bean 'org.springframework.boot.autoconfigure.jdbc.metadata.DataSourcePoolMetadataProvidersConfiguration$HikariPoolDataSourceMetadataProviderConfiguration'
2022-11-25 14:50:21.052 DEBUG 25216 --- [    Test worker] o.s.b.f.s.DefaultListableBeanFactory     : Creating shared instance of singleton bean 'entityManagerFactoryBuilder'
2022-11-25 14:50:21.054 DEBUG 25216 --- [    Test worker] o.s.b.f.s.DefaultListableBeanFactory     : Creating shared instance of singleton bean 'jpaVendorAdapter'
2022-11-25 14:50:21.103 DEBUG 25216 --- [    Test worker] o.s.b.f.s.DefaultListableBeanFactory     : Autowiring by type from bean name 'entityManagerFactoryBuilder' via factory method to bean named 'jpaVendorAdapter'
2022-11-25 14:50:21.120 DEBUG 25216 --- [    Test worker] o.s.b.f.s.DefaultListableBeanFactory     : Autowiring by type from bean name 'entityManagerFactory' via factory method to bean named 'entityManagerFactoryBuilder'
2022-11-25 14:50:21.255 DEBUG 25216 --- [    Test worker] j.LocalContainerEntityManagerFactoryBean : Building JPA container EntityManagerFactory for persistence unit 'default'
2022-11-25 14:50:21.373 DEBUG 25216 --- [    Test worker] o.hibernate.jpa.internal.util.LogHelper  : PersistenceUnitInfo [
	name: default
	persistence provider classname: null
	classloader: jdk.internal.loader.ClassLoaders$AppClassLoader@c387f44
	excludeUnlistedClasses: true
	JTA datasource: null
	Non JTA datasource: HikariDataSource (null)
	Transaction type: RESOURCE_LOCAL
	PU root URL: file:/C:/Source/github/uek223-docker/docker-backend-uek223/backend/build/classes/java/test/
	Shared Cache Mode: UNSPECIFIED
	Validation Mode: AUTO
	Jar files URLs []
	Managed classes names [
		com.example.demo.core.generic.ExtendedEntity
		com.example.demo.domain.authority.Authority
		com.example.demo.domain.myListEntry.MyListEntry
		com.example.demo.domain.role.Role
		com.example.demo.domain.user.User]
	Mapping files names []
	Properties []
2022-11-25 14:50:21.422 DEBUG 25216 --- [    Test worker] o.h.i.internal.IntegratorServiceImpl     : Adding Integrator [org.hibernate.cfg.beanvalidation.BeanValidationIntegrator].
2022-11-25 14:50:21.427 DEBUG 25216 --- [    Test worker] o.h.i.internal.IntegratorServiceImpl     : Adding Integrator [org.hibernate.secure.spi.JaccIntegrator].
2022-11-25 14:50:21.431 DEBUG 25216 --- [    Test worker] o.h.i.internal.IntegratorServiceImpl     : Adding Integrator [org.hibernate.cache.internal.CollectionCacheInvalidator].
2022-11-25 14:50:21.561  INFO 25216 --- [    Test worker] org.hibernate.Version                    : HHH000412: Hibernate ORM core version 5.6.10.Final
2022-11-25 14:50:21.565 DEBUG 25216 --- [    Test worker] org.hibernate.cfg.Environment            : HHH000206: hibernate.properties not found
2022-11-25 14:50:21.625 DEBUG 25216 --- [    Test worker] o.hibernate.service.spi.ServiceBinding   : Overriding existing service binding [org.hibernate.secure.spi.JaccService]
2022-11-25 14:50:21.657 DEBUG 25216 --- [    Test worker] o.h.c.internal.RegionFactoryInitiator    : Cannot default RegionFactory based on registered strategies as `[]` RegionFactory strategies were registered
2022-11-25 14:50:21.660 DEBUG 25216 --- [    Test worker] o.h.c.internal.RegionFactoryInitiator    : Cache region factory : org.hibernate.cache.internal.NoCachingRegionFactory
2022-11-25 14:50:21.685  INFO 25216 --- [    Test worker] o.hibernate.annotations.common.Version   : HCANN000001: Hibernate Commons Annotations {5.1.2.Final}
2022-11-25 14:50:21.756 DEBUG 25216 --- [    Test worker] org.hibernate.type.BasicTypeRegistry     : Adding type registration boolean -> org.hibernate.type.BooleanType@7e31d53b
2022-11-25 14:50:21.756 DEBUG 25216 --- [    Test worker] org.hibernate.type.BasicTypeRegistry     : Adding type registration boolean -> org.hibernate.type.BooleanType@7e31d53b
2022-11-25 14:50:21.756 DEBUG 25216 --- [    Test worker] org.hibernate.type.BasicTypeRegistry     : Adding type registration java.lang.Boolean -> org.hibernate.type.BooleanType@7e31d53b
2022-11-25 14:50:21.758 DEBUG 25216 --- [    Test worker] org.hibernate.type.BasicTypeRegistry     : Adding type registration numeric_boolean -> org.hibernate.type.NumericBooleanType@702096ef
2022-11-25 14:50:21.760 DEBUG 25216 --- [    Test worker] org.hibernate.type.BasicTypeRegistry     : Adding type registration true_false -> org.hibernate.type.TrueFalseType@24a8e40d
2022-11-25 14:50:21.762 DEBUG 25216 --- [    Test worker] org.hibernate.type.BasicTypeRegistry     : Adding type registration yes_no -> org.hibernate.type.YesNoType@66ab924
2022-11-25 14:50:21.765 DEBUG 25216 --- [    Test worker] org.hibernate.type.BasicTypeRegistry     : Adding type registration byte -> org.hibernate.type.ByteType@ab327c
2022-11-25 14:50:21.765 DEBUG 25216 --- [    Test worker] org.hibernate.type.BasicTypeRegistry     : Adding type registration byte -> org.hibernate.type.ByteType@ab327c
2022-11-25 14:50:21.765 DEBUG 25216 --- [    Test worker] org.hibernate.type.BasicTypeRegistry     : Adding type registration java.lang.Byte -> org.hibernate.type.ByteType@ab327c
2022-11-25 14:50:21.767 DEBUG 25216 --- [    Test worker] org.hibernate.type.BasicTypeRegistry     : Adding type registration character -> org.hibernate.type.CharacterType@72715e61
2022-11-25 14:50:21.768 DEBUG 25216 --- [    Test worker] org.hibernate.type.BasicTypeRegistry     : Adding type registration char -> org.hibernate.type.CharacterType@72715e61
2022-11-25 14:50:21.768 DEBUG 25216 --- [    Test worker] org.hibernate.type.BasicTypeRegistry     : Adding type registration java.lang.Character -> org.hibernate.type.CharacterType@72715e61
2022-11-25 14:50:21.770 DEBUG 25216 --- [    Test worker] org.hibernate.type.BasicTypeRegistry     : Adding type registration short -> org.hibernate.type.ShortType@5611bba
2022-11-25 14:50:21.771 DEBUG 25216 --- [    Test worker] org.hibernate.type.BasicTypeRegistry     : Adding type registration short -> org.hibernate.type.ShortType@5611bba
2022-11-25 14:50:21.771 DEBUG 25216 --- [    Test worker] org.hibernate.type.BasicTypeRegistry     : Adding type registration java.lang.Short -> org.hibernate.type.ShortType@5611bba
2022-11-25 14:50:21.772 DEBUG 25216 --- [    Test worker] org.hibernate.type.BasicTypeRegistry     : Adding type registration integer -> org.hibernate.type.IntegerType@580c17a0
2022-11-25 14:50:21.773 DEBUG 25216 --- [    Test worker] org.hibernate.type.BasicTypeRegistry     : Adding type registration int -> org.hibernate.type.IntegerType@580c17a0
2022-11-25 14:50:21.773 DEBUG 25216 --- [    Test worker] org.hibernate.type.BasicTypeRegistry     : Adding type registration java.lang.Integer -> org.hibernate.type.IntegerType@580c17a0
2022-11-25 14:50:21.775 DEBUG 25216 --- [    Test worker] org.hibernate.type.BasicTypeRegistry     : Adding type registration long -> org.hibernate.type.LongType@6463da36
2022-11-25 14:50:21.775 DEBUG 25216 --- [    Test worker] org.hibernate.type.BasicTypeRegistry     : Adding type registration long -> org.hibernate.type.LongType@6463da36
2022-11-25 14:50:21.775 DEBUG 25216 --- [    Test worker] org.hibernate.type.BasicTypeRegistry     : Adding type registration java.lang.Long -> org.hibernate.type.LongType@6463da36
2022-11-25 14:50:21.777 DEBUG 25216 --- [    Test worker] org.hibernate.type.BasicTypeRegistry     : Adding type registration float -> org.hibernate.type.FloatType@6afeaf2d
2022-11-25 14:50:21.778 DEBUG 25216 --- [    Test worker] org.hibernate.type.BasicTypeRegistry     : Adding type registration float -> org.hibernate.type.FloatType@6afeaf2d
2022-11-25 14:50:21.778 DEBUG 25216 --- [    Test worker] org.hibernate.type.BasicTypeRegistry     : Adding type registration java.lang.Float -> org.hibernate.type.FloatType@6afeaf2d
2022-11-25 14:50:21.779 DEBUG 25216 --- [    Test worker] org.hibernate.type.BasicTypeRegistry     : Adding type registration double -> org.hibernate.type.DoubleType@da22aa
2022-11-25 14:50:21.780 DEBUG 25216 --- [    Test worker] org.hibernate.type.BasicTypeRegistry     : Adding type registration double -> org.hibernate.type.DoubleType@da22aa
2022-11-25 14:50:21.780 DEBUG 25216 --- [    Test worker] org.hibernate.type.BasicTypeRegistry     : Adding type registration java.lang.Double -> org.hibernate.type.DoubleType@da22aa
2022-11-25 14:50:21.781 DEBUG 25216 --- [    Test worker] org.hibernate.type.BasicTypeRegistry     : Adding type registration big_decimal -> org.hibernate.type.BigDecimalType@7a3643e3
2022-11-25 14:50:21.781 DEBUG 25216 --- [    Test worker] org.hibernate.type.BasicTypeRegistry     : Adding type registration java.math.BigDecimal -> org.hibernate.type.BigDecimalType@7a3643e3
2022-11-25 14:50:21.782 DEBUG 25216 --- [    Test worker] org.hibernate.type.BasicTypeRegistry     : Adding type registration big_integer -> org.hibernate.type.BigIntegerType@3212bfd
2022-11-25 14:50:21.783 DEBUG 25216 --- [    Test worker] org.hibernate.type.BasicTypeRegistry     : Adding type registration java.math.BigInteger -> org.hibernate.type.BigIntegerType@3212bfd
2022-11-25 14:50:21.784 DEBUG 25216 --- [    Test worker] org.hibernate.type.BasicTypeRegistry     : Adding type registration string -> org.hibernate.type.StringType@42211e04
2022-11-25 14:50:21.785 DEBUG 25216 --- [    Test worker] org.hibernate.type.BasicTypeRegistry     : Adding type registration java.lang.String -> org.hibernate.type.StringType@42211e04
2022-11-25 14:50:21.786 DEBUG 25216 --- [    Test worker] org.hibernate.type.BasicTypeRegistry     : Adding type registration nstring -> org.hibernate.type.StringNVarcharType@34cb0e49
2022-11-25 14:50:21.787 DEBUG 25216 --- [    Test worker] org.hibernate.type.BasicTypeRegistry     : Adding type registration ncharacter -> org.hibernate.type.CharacterNCharType@3f6f9cef
2022-11-25 14:50:21.788 DEBUG 25216 --- [    Test worker] org.hibernate.type.BasicTypeRegistry     : Adding type registration url -> org.hibernate.type.UrlType@7d12429
2022-11-25 14:50:21.788 DEBUG 25216 --- [    Test worker] org.hibernate.type.BasicTypeRegistry     : Adding type registration java.net.URL -> org.hibernate.type.UrlType@7d12429
2022-11-25 14:50:21.790 DEBUG 25216 --- [    Test worker] org.hibernate.type.BasicTypeRegistry     : Adding type registration Duration -> org.hibernate.type.DurationType@2a631049
2022-11-25 14:50:21.791 DEBUG 25216 --- [    Test worker] org.hibernate.type.BasicTypeRegistry     : Adding type registration java.time.Duration -> org.hibernate.type.DurationType@2a631049
2022-11-25 14:50:21.793 DEBUG 25216 --- [    Test worker] org.hibernate.type.BasicTypeRegistry     : Adding type registration Instant -> org.hibernate.type.InstantType@dae5e0
2022-11-25 14:50:21.793 DEBUG 25216 --- [    Test worker] org.hibernate.type.BasicTypeRegistry     : Adding type registration java.time.Instant -> org.hibernate.type.InstantType@dae5e0
2022-11-25 14:50:21.794 DEBUG 25216 --- [    Test worker] org.hibernate.type.BasicTypeRegistry     : Adding type registration LocalDateTime -> org.hibernate.type.LocalDateTimeType@429e7914
2022-11-25 14:50:21.795 DEBUG 25216 --- [    Test worker] org.hibernate.type.BasicTypeRegistry     : Adding type registration java.time.LocalDateTime -> org.hibernate.type.LocalDateTimeType@429e7914
2022-11-25 14:50:21.796 DEBUG 25216 --- [    Test worker] org.hibernate.type.BasicTypeRegistry     : Adding type registration LocalDate -> org.hibernate.type.LocalDateType@5a6f6cac
2022-11-25 14:50:21.797 DEBUG 25216 --- [    Test worker] org.hibernate.type.BasicTypeRegistry     : Adding type registration java.time.LocalDate -> org.hibernate.type.LocalDateType@5a6f6cac
2022-11-25 14:50:21.799 DEBUG 25216 --- [    Test worker] org.hibernate.type.BasicTypeRegistry     : Adding type registration LocalTime -> org.hibernate.type.LocalTimeType@7d3c22a5
2022-11-25 14:50:21.799 DEBUG 25216 --- [    Test worker] org.hibernate.type.BasicTypeRegistry     : Adding type registration java.time.LocalTime -> org.hibernate.type.LocalTimeType@7d3c22a5
2022-11-25 14:50:21.801 DEBUG 25216 --- [    Test worker] org.hibernate.type.BasicTypeRegistry     : Adding type registration OffsetDateTime -> org.hibernate.type.OffsetDateTimeType@71e7830a
2022-11-25 14:50:21.802 DEBUG 25216 --- [    Test worker] org.hibernate.type.BasicTypeRegistry     : Adding type registration java.time.OffsetDateTime -> org.hibernate.type.OffsetDateTimeType@71e7830a
2022-11-25 14:50:21.804 DEBUG 25216 --- [    Test worker] org.hibernate.type.BasicTypeRegistry     : Adding type registration OffsetTime -> org.hibernate.type.OffsetTimeType@621dc63d
2022-11-25 14:50:21.804 DEBUG 25216 --- [    Test worker] org.hibernate.type.BasicTypeRegistry     : Adding type registration java.time.OffsetTime -> org.hibernate.type.OffsetTimeType@621dc63d
2022-11-25 14:50:21.807 DEBUG 25216 --- [    Test worker] org.hibernate.type.BasicTypeRegistry     : Adding type registration ZonedDateTime -> org.hibernate.type.ZonedDateTimeType@2b5f8e61
2022-11-25 14:50:21.808 DEBUG 25216 --- [    Test worker] org.hibernate.type.BasicTypeRegistry     : Adding type registration java.time.ZonedDateTime -> org.hibernate.type.ZonedDateTimeType@2b5f8e61
2022-11-25 14:50:21.814 DEBUG 25216 --- [    Test worker] org.hibernate.type.BasicTypeRegistry     : Adding type registration date -> org.hibernate.type.DateType@1ed9d173
2022-11-25 14:50:21.814 DEBUG 25216 --- [    Test worker] org.hibernate.type.BasicTypeRegistry     : Adding type registration java.sql.Date -> org.hibernate.type.DateType@1ed9d173
2022-11-25 14:50:21.816 DEBUG 25216 --- [    Test worker] org.hibernate.type.BasicTypeRegistry     : Adding type registration time -> org.hibernate.type.TimeType@4af70b83
2022-11-25 14:50:21.816 DEBUG 25216 --- [    Test worker] org.hibernate.type.BasicTypeRegistry     : Adding type registration java.sql.Time -> org.hibernate.type.TimeType@4af70b83
2022-11-25 14:50:21.818 DEBUG 25216 --- [    Test worker] org.hibernate.type.BasicTypeRegistry     : Adding type registration timestamp -> org.hibernate.type.TimestampType@70139a81
2022-11-25 14:50:21.818 DEBUG 25216 --- [    Test worker] org.hibernate.type.BasicTypeRegistry     : Adding type registration java.sql.Timestamp -> org.hibernate.type.TimestampType@70139a81
2022-11-25 14:50:21.818 DEBUG 25216 --- [    Test worker] org.hibernate.type.BasicTypeRegistry     : Adding type registration java.util.Date -> org.hibernate.type.TimestampType@70139a81
2022-11-25 14:50:21.821 DEBUG 25216 --- [    Test worker] org.hibernate.type.BasicTypeRegistry     : Adding type registration dbtimestamp -> org.hibernate.type.DbTimestampType@3c9e19de
2022-11-25 14:50:21.824 DEBUG 25216 --- [    Test worker] org.hibernate.type.BasicTypeRegistry     : Adding type registration calendar -> org.hibernate.type.CalendarType@70c56434
2022-11-25 14:50:21.824 DEBUG 25216 --- [    Test worker] org.hibernate.type.BasicTypeRegistry     : Adding type registration java.util.Calendar -> org.hibernate.type.CalendarType@70c56434
2022-11-25 14:50:21.826 DEBUG 25216 --- [    Test worker] org.hibernate.type.BasicTypeRegistry     : Adding type registration java.util.GregorianCalendar -> org.hibernate.type.CalendarType@70c56434
2022-11-25 14:50:21.827 DEBUG 25216 --- [    Test worker] org.hibernate.type.BasicTypeRegistry     : Adding type registration calendar_date -> org.hibernate.type.CalendarDateType@2d801d8
2022-11-25 14:50:21.830 DEBUG 25216 --- [    Test worker] org.hibernate.type.BasicTypeRegistry     : Adding type registration calendar_time -> org.hibernate.type.CalendarTimeType@645ba24a
2022-11-25 14:50:21.832 DEBUG 25216 --- [    Test worker] org.hibernate.type.BasicTypeRegistry     : Adding type registration locale -> org.hibernate.type.LocaleType@72f3f14c
2022-11-25 14:50:21.832 DEBUG 25216 --- [    Test worker] org.hibernate.type.BasicTypeRegistry     : Adding type registration java.util.Locale -> org.hibernate.type.LocaleType@72f3f14c
2022-11-25 14:50:21.833 DEBUG 25216 --- [    Test worker] org.hibernate.type.BasicTypeRegistry     : Adding type registration currency -> org.hibernate.type.CurrencyType@280ecc33
2022-11-25 14:50:21.834 DEBUG 25216 --- [    Test worker] org.hibernate.type.BasicTypeRegistry     : Adding type registration java.util.Currency -> org.hibernate.type.CurrencyType@280ecc33
2022-11-25 14:50:21.835 DEBUG 25216 --- [    Test worker] org.hibernate.type.BasicTypeRegistry     : Adding type registration timezone -> org.hibernate.type.TimeZoneType@6210666c
2022-11-25 14:50:21.835 DEBUG 25216 --- [    Test worker] org.hibernate.type.BasicTypeRegistry     : Adding type registration java.util.TimeZone -> org.hibernate.type.TimeZoneType@6210666c
2022-11-25 14:50:21.837 DEBUG 25216 --- [    Test worker] org.hibernate.type.BasicTypeRegistry     : Adding type registration class -> org.hibernate.type.ClassType@4a336377
2022-11-25 14:50:21.838 DEBUG 25216 --- [    Test worker] org.hibernate.type.BasicTypeRegistry     : Adding type registration java.lang.Class -> org.hibernate.type.ClassType@4a336377
2022-11-25 14:50:21.840 DEBUG 25216 --- [    Test worker] org.hibernate.type.BasicTypeRegistry     : Adding type registration uuid-binary -> org.hibernate.type.UUIDBinaryType@6181bc4a
2022-11-25 14:50:21.840 DEBUG 25216 --- [    Test worker] org.hibernate.type.BasicTypeRegistry     : Adding type registration java.util.UUID -> org.hibernate.type.UUIDBinaryType@6181bc4a
2022-11-25 14:50:21.841 DEBUG 25216 --- [    Test worker] org.hibernate.type.BasicTypeRegistry     : Adding type registration uuid-char -> org.hibernate.type.UUIDCharType@628962e5
2022-11-25 14:50:21.845 DEBUG 25216 --- [    Test worker] org.hibernate.type.BasicTypeRegistry     : Adding type registration binary -> org.hibernate.type.BinaryType@208f7165
2022-11-25 14:50:21.845 DEBUG 25216 --- [    Test worker] org.hibernate.type.BasicTypeRegistry     : Adding type registration byte[] -> org.hibernate.type.BinaryType@208f7165
2022-11-25 14:50:21.845 DEBUG 25216 --- [    Test worker] org.hibernate.type.BasicTypeRegistry     : Adding type registration [B -> org.hibernate.type.BinaryType@208f7165
2022-11-25 14:50:21.847 DEBUG 25216 --- [    Test worker] org.hibernate.type.BasicTypeRegistry     : Adding type registration wrapper-binary -> org.hibernate.type.WrapperBinaryType@778113f2
2022-11-25 14:50:21.847 DEBUG 25216 --- [    Test worker] org.hibernate.type.BasicTypeRegistry     : Adding type registration Byte[] -> org.hibernate.type.WrapperBinaryType@778113f2
2022-11-25 14:50:21.847 DEBUG 25216 --- [    Test worker] org.hibernate.type.BasicTypeRegistry     : Adding type registration [Ljava.lang.Byte; -> org.hibernate.type.WrapperBinaryType@778113f2
2022-11-25 14:50:21.850 DEBUG 25216 --- [    Test worker] org.hibernate.type.BasicTypeRegistry     : Adding type registration row_version -> org.hibernate.type.RowVersionType@5d01b0d8
2022-11-25 14:50:21.851 DEBUG 25216 --- [    Test worker] org.hibernate.type.BasicTypeRegistry     : Adding type registration image -> org.hibernate.type.ImageType@31b6b0c7
2022-11-25 14:50:21.853 DEBUG 25216 --- [    Test worker] org.hibernate.type.BasicTypeRegistry     : Adding type registration characters -> org.hibernate.type.CharArrayType@77ba583
2022-11-25 14:50:21.853 DEBUG 25216 --- [    Test worker] org.hibernate.type.BasicTypeRegistry     : Adding type registration char[] -> org.hibernate.type.CharArrayType@77ba583
2022-11-25 14:50:21.853 DEBUG 25216 --- [    Test worker] org.hibernate.type.BasicTypeRegistry     : Adding type registration [C -> org.hibernate.type.CharArrayType@77ba583
2022-11-25 14:50:21.855 DEBUG 25216 --- [    Test worker] org.hibernate.type.BasicTypeRegistry     : Adding type registration wrapper-characters -> org.hibernate.type.CharacterArrayType@586737ff
2022-11-25 14:50:21.856 DEBUG 25216 --- [    Test worker] org.hibernate.type.BasicTypeRegistry     : Adding type registration [Ljava.lang.Character; -> org.hibernate.type.CharacterArrayType@586737ff
2022-11-25 14:50:21.856 DEBUG 25216 --- [    Test worker] org.hibernate.type.BasicTypeRegistry     : Adding type registration Character[] -> org.hibernate.type.CharacterArrayType@586737ff
2022-11-25 14:50:21.857 DEBUG 25216 --- [    Test worker] org.hibernate.type.BasicTypeRegistry     : Adding type registration text -> org.hibernate.type.TextType@4e8d9bb6
2022-11-25 14:50:21.858 DEBUG 25216 --- [    Test worker] org.hibernate.type.BasicTypeRegistry     : Adding type registration ntext -> org.hibernate.type.NTextType@ff5d4f1
2022-11-25 14:50:21.862 DEBUG 25216 --- [    Test worker] org.hibernate.type.BasicTypeRegistry     : Adding type registration blob -> org.hibernate.type.BlobType@1c2096c6
2022-11-25 14:50:21.862 DEBUG 25216 --- [    Test worker] org.hibernate.type.BasicTypeRegistry     : Adding type registration java.sql.Blob -> org.hibernate.type.BlobType@1c2096c6
2022-11-25 14:50:21.863 DEBUG 25216 --- [    Test worker] org.hibernate.type.BasicTypeRegistry     : Adding type registration materialized_blob -> org.hibernate.type.MaterializedBlobType@5c4714ef
2022-11-25 14:50:21.866 DEBUG 25216 --- [    Test worker] org.hibernate.type.BasicTypeRegistry     : Adding type registration clob -> org.hibernate.type.ClobType@2f99d8c
2022-11-25 14:50:21.866 DEBUG 25216 --- [    Test worker] org.hibernate.type.BasicTypeRegistry     : Adding type registration java.sql.Clob -> org.hibernate.type.ClobType@2f99d8c
2022-11-25 14:50:21.869 DEBUG 25216 --- [    Test worker] org.hibernate.type.BasicTypeRegistry     : Adding type registration nclob -> org.hibernate.type.NClobType@3e4afd10
2022-11-25 14:50:21.870 DEBUG 25216 --- [    Test worker] org.hibernate.type.BasicTypeRegistry     : Adding type registration java.sql.NClob -> org.hibernate.type.NClobType@3e4afd10
2022-11-25 14:50:21.870 DEBUG 25216 --- [    Test worker] org.hibernate.type.BasicTypeRegistry     : Adding type registration materialized_clob -> org.hibernate.type.MaterializedClobType@1d8be7b9
2022-11-25 14:50:21.871 DEBUG 25216 --- [    Test worker] org.hibernate.type.BasicTypeRegistry     : Adding type registration materialized_nclob -> org.hibernate.type.MaterializedNClobType@aa0dbca
2022-11-25 14:50:21.873 DEBUG 25216 --- [    Test worker] org.hibernate.type.BasicTypeRegistry     : Adding type registration serializable -> org.hibernate.type.SerializableType@749d7c01
2022-11-25 14:50:21.879 DEBUG 25216 --- [    Test worker] org.hibernate.type.BasicTypeRegistry     : Adding type registration object -> org.hibernate.type.ObjectType@78bad03b
2022-11-25 14:50:21.880 DEBUG 25216 --- [    Test worker] org.hibernate.type.BasicTypeRegistry     : Adding type registration java.lang.Object -> org.hibernate.type.ObjectType@78bad03b
2022-11-25 14:50:21.881 DEBUG 25216 --- [    Test worker] org.hibernate.type.BasicTypeRegistry     : Adding type registration imm_date -> org.hibernate.type.AdaptedImmutableType@36cfe107
2022-11-25 14:50:21.882 DEBUG 25216 --- [    Test worker] org.hibernate.type.BasicTypeRegistry     : Adding type registration imm_time -> org.hibernate.type.AdaptedImmutableType@100eeedc
2022-11-25 14:50:21.882 DEBUG 25216 --- [    Test worker] org.hibernate.type.BasicTypeRegistry     : Adding type registration imm_timestamp -> org.hibernate.type.AdaptedImmutableType@56266bda
2022-11-25 14:50:21.882 DEBUG 25216 --- [    Test worker] org.hibernate.type.BasicTypeRegistry     : Adding type registration imm_dbtimestamp -> org.hibernate.type.AdaptedImmutableType@18bb1b88
2022-11-25 14:50:21.882 DEBUG 25216 --- [    Test worker] org.hibernate.type.BasicTypeRegistry     : Adding type registration imm_calendar -> org.hibernate.type.AdaptedImmutableType@51b51641
2022-11-25 14:50:21.882 DEBUG 25216 --- [    Test worker] org.hibernate.type.BasicTypeRegistry     : Adding type registration imm_calendar_date -> org.hibernate.type.AdaptedImmutableType@362a6aa5
2022-11-25 14:50:21.882 DEBUG 25216 --- [    Test worker] org.hibernate.type.BasicTypeRegistry     : Adding type registration imm_binary -> org.hibernate.type.AdaptedImmutableType@53b7bf01
2022-11-25 14:50:21.882 DEBUG 25216 --- [    Test worker] org.hibernate.type.BasicTypeRegistry     : Adding type registration imm_serializable -> org.hibernate.type.AdaptedImmutableType@139089a4
2022-11-25 14:50:21.904 DEBUG 25216 --- [    Test worker] o.h.boot.internal.BootstrapContextImpl   : Injecting JPA temp ClassLoader [org.springframework.instrument.classloading.SimpleThrowawayClassLoader@402a69f] into BootstrapContext; was [null]
2022-11-25 14:50:21.904 DEBUG 25216 --- [    Test worker] o.h.boot.internal.ClassLoaderAccessImpl  : ClassLoaderAccessImpl#injectTempClassLoader(org.springframework.instrument.classloading.SimpleThrowawayClassLoader@402a69f) [was null]
2022-11-25 14:50:21.906 DEBUG 25216 --- [    Test worker] o.h.boot.internal.BootstrapContextImpl   : Injecting ScanEnvironment [org.hibernate.jpa.boot.internal.StandardJpaScanEnvironmentImpl@3c544c9] into BootstrapContext; was [null]
2022-11-25 14:50:21.907 DEBUG 25216 --- [    Test worker] o.h.boot.internal.BootstrapContextImpl   : Injecting ScanOptions [org.hibernate.boot.archive.scan.internal.StandardScanOptions@22e813fc] into BootstrapContext; was [org.hibernate.boot.archive.scan.internal.StandardScanOptions@433d93e7]
2022-11-25 14:50:21.933 DEBUG 25216 --- [    Test worker] o.h.boot.internal.BootstrapContextImpl   : Injecting JPA temp ClassLoader [null] into BootstrapContext; was [org.springframework.instrument.classloading.SimpleThrowawayClassLoader@402a69f]
2022-11-25 14:50:21.933 DEBUG 25216 --- [    Test worker] o.h.boot.internal.ClassLoaderAccessImpl  : ClassLoaderAccessImpl#injectTempClassLoader(null) [was org.springframework.instrument.classloading.SimpleThrowawayClassLoader@402a69f]
2022-11-25 14:50:21.954 DEBUG 25216 --- [    Test worker] .i.f.i.DefaultIdentifierGeneratorFactory : Registering IdentifierGenerator strategy [uuid2] -> [org.hibernate.id.UUIDGenerator]
2022-11-25 14:50:21.955 DEBUG 25216 --- [    Test worker] .i.f.i.DefaultIdentifierGeneratorFactory : Registering IdentifierGenerator strategy [guid] -> [org.hibernate.id.GUIDGenerator]
2022-11-25 14:50:21.956 DEBUG 25216 --- [    Test worker] .i.f.i.DefaultIdentifierGeneratorFactory : Registering IdentifierGenerator strategy [uuid] -> [org.hibernate.id.UUIDHexGenerator]
2022-11-25 14:50:21.957 DEBUG 25216 --- [    Test worker] .i.f.i.DefaultIdentifierGeneratorFactory : Registering IdentifierGenerator strategy [uuid.hex] -> [org.hibernate.id.UUIDHexGenerator]
2022-11-25 14:50:21.957 DEBUG 25216 --- [    Test worker] .i.f.i.DefaultIdentifierGeneratorFactory : Registering IdentifierGenerator strategy [assigned] -> [org.hibernate.id.Assigned]
2022-11-25 14:50:21.960 DEBUG 25216 --- [    Test worker] .i.f.i.DefaultIdentifierGeneratorFactory : Registering IdentifierGenerator strategy [identity] -> [org.hibernate.id.IdentityGenerator]
2022-11-25 14:50:21.961 DEBUG 25216 --- [    Test worker] .i.f.i.DefaultIdentifierGeneratorFactory : Registering IdentifierGenerator strategy [select] -> [org.hibernate.id.SelectGenerator]
2022-11-25 14:50:21.963 DEBUG 25216 --- [    Test worker] .i.f.i.DefaultIdentifierGeneratorFactory : Registering IdentifierGenerator strategy [sequence] -> [org.hibernate.id.enhanced.SequenceStyleGenerator]
2022-11-25 14:50:21.966 DEBUG 25216 --- [    Test worker] .i.f.i.DefaultIdentifierGeneratorFactory : Registering IdentifierGenerator strategy [seqhilo] -> [org.hibernate.id.SequenceHiLoGenerator]
2022-11-25 14:50:21.968 DEBUG 25216 --- [    Test worker] .i.f.i.DefaultIdentifierGeneratorFactory : Registering IdentifierGenerator strategy [increment] -> [org.hibernate.id.IncrementGenerator]
2022-11-25 14:50:21.969 DEBUG 25216 --- [    Test worker] .i.f.i.DefaultIdentifierGeneratorFactory : Registering IdentifierGenerator strategy [foreign] -> [org.hibernate.id.ForeignGenerator]
2022-11-25 14:50:21.970 DEBUG 25216 --- [    Test worker] .i.f.i.DefaultIdentifierGeneratorFactory : Registering IdentifierGenerator strategy [sequence-identity] -> [org.hibernate.id.SequenceIdentityGenerator]
2022-11-25 14:50:21.970 DEBUG 25216 --- [    Test worker] .i.f.i.DefaultIdentifierGeneratorFactory : Registering IdentifierGenerator strategy [enhanced-sequence] -> [org.hibernate.id.enhanced.SequenceStyleGenerator]
2022-11-25 14:50:21.972 DEBUG 25216 --- [    Test worker] .i.f.i.DefaultIdentifierGeneratorFactory : Registering IdentifierGenerator strategy [enhanced-table] -> [org.hibernate.id.enhanced.TableGenerator]
2022-11-25 14:50:21.984 DEBUG 25216 --- [    Test worker] com.zaxxer.hikari.HikariConfig           : HikariPool-1 - configuration:
2022-11-25 14:50:21.987 DEBUG 25216 --- [    Test worker] com.zaxxer.hikari.HikariConfig           : allowPoolSuspension................................false
2022-11-25 14:50:21.987 DEBUG 25216 --- [    Test worker] com.zaxxer.hikari.HikariConfig           : autoCommit................................true
2022-11-25 14:50:21.988 DEBUG 25216 --- [    Test worker] com.zaxxer.hikari.HikariConfig           : catalog................................none
2022-11-25 14:50:21.988 DEBUG 25216 --- [    Test worker] com.zaxxer.hikari.HikariConfig           : connectionInitSql................................none
2022-11-25 14:50:21.989 DEBUG 25216 --- [    Test worker] com.zaxxer.hikari.HikariConfig           : connectionTestQuery................................none
2022-11-25 14:50:21.991 DEBUG 25216 --- [    Test worker] com.zaxxer.hikari.HikariConfig           : connectionTimeout................................30000
2022-11-25 14:50:21.992 DEBUG 25216 --- [    Test worker] com.zaxxer.hikari.HikariConfig           : dataSource................................none
2022-11-25 14:50:21.992 DEBUG 25216 --- [    Test worker] com.zaxxer.hikari.HikariConfig           : dataSourceClassName................................none
2022-11-25 14:50:21.993 DEBUG 25216 --- [    Test worker] com.zaxxer.hikari.HikariConfig           : dataSourceJNDI................................none
2022-11-25 14:50:21.995 DEBUG 25216 --- [    Test worker] com.zaxxer.hikari.HikariConfig           : dataSourceProperties................................{password=<masked>}
2022-11-25 14:50:21.996 DEBUG 25216 --- [    Test worker] com.zaxxer.hikari.HikariConfig           : driverClassName................................"org.postgresql.Driver"
2022-11-25 14:50:21.996 DEBUG 25216 --- [    Test worker] com.zaxxer.hikari.HikariConfig           : exceptionOverrideClassName................................none
2022-11-25 14:50:21.997 DEBUG 25216 --- [    Test worker] com.zaxxer.hikari.HikariConfig           : healthCheckProperties................................{}
2022-11-25 14:50:21.997 DEBUG 25216 --- [    Test worker] com.zaxxer.hikari.HikariConfig           : healthCheckRegistry................................none
2022-11-25 14:50:21.998 DEBUG 25216 --- [    Test worker] com.zaxxer.hikari.HikariConfig           : idleTimeout................................600000
2022-11-25 14:50:21.998 DEBUG 25216 --- [    Test worker] com.zaxxer.hikari.HikariConfig           : initializationFailTimeout................................1
2022-11-25 14:50:21.999 DEBUG 25216 --- [    Test worker] com.zaxxer.hikari.HikariConfig           : isolateInternalQueries................................false
2022-11-25 14:50:22.000 DEBUG 25216 --- [    Test worker] com.zaxxer.hikari.HikariConfig           : jdbcUrl................................jdbc:postgresql://localhost:5432/postgres
2022-11-25 14:50:22.000 DEBUG 25216 --- [    Test worker] com.zaxxer.hikari.HikariConfig           : keepaliveTime................................0
2022-11-25 14:50:22.001 DEBUG 25216 --- [    Test worker] com.zaxxer.hikari.HikariConfig           : leakDetectionThreshold................................0
2022-11-25 14:50:22.001 DEBUG 25216 --- [    Test worker] com.zaxxer.hikari.HikariConfig           : maxLifetime................................1800000
2022-11-25 14:50:22.002 DEBUG 25216 --- [    Test worker] com.zaxxer.hikari.HikariConfig           : maximumPoolSize................................10
2022-11-25 14:50:22.002 DEBUG 25216 --- [    Test worker] com.zaxxer.hikari.HikariConfig           : metricRegistry................................none
2022-11-25 14:50:22.003 DEBUG 25216 --- [    Test worker] com.zaxxer.hikari.HikariConfig           : metricsTrackerFactory................................none
2022-11-25 14:50:22.003 DEBUG 25216 --- [    Test worker] com.zaxxer.hikari.HikariConfig           : minimumIdle................................10
2022-11-25 14:50:22.004 DEBUG 25216 --- [    Test worker] com.zaxxer.hikari.HikariConfig           : password................................<masked>
2022-11-25 14:50:22.004 DEBUG 25216 --- [    Test worker] com.zaxxer.hikari.HikariConfig           : poolName................................"HikariPool-1"
2022-11-25 14:50:22.005 DEBUG 25216 --- [    Test worker] com.zaxxer.hikari.HikariConfig           : readOnly................................false
2022-11-25 14:50:22.006 DEBUG 25216 --- [    Test worker] com.zaxxer.hikari.HikariConfig           : registerMbeans................................false
2022-11-25 14:50:22.007 DEBUG 25216 --- [    Test worker] com.zaxxer.hikari.HikariConfig           : scheduledExecutor................................none
2022-11-25 14:50:22.007 DEBUG 25216 --- [    Test worker] com.zaxxer.hikari.HikariConfig           : schema................................none
2022-11-25 14:50:22.008 DEBUG 25216 --- [    Test worker] com.zaxxer.hikari.HikariConfig           : threadFactory................................internal
2022-11-25 14:50:22.008 DEBUG 25216 --- [    Test worker] com.zaxxer.hikari.HikariConfig           : transactionIsolation................................default
2022-11-25 14:50:22.009 DEBUG 25216 --- [    Test worker] com.zaxxer.hikari.HikariConfig           : username................................"postgres"
2022-11-25 14:50:22.010 DEBUG 25216 --- [    Test worker] com.zaxxer.hikari.HikariConfig           : validationTimeout................................5000
2022-11-25 14:50:22.011  INFO 25216 --- [    Test worker] com.zaxxer.hikari.HikariDataSource       : HikariPool-1 - Starting...
2022-11-25 14:50:22.050 DEBUG 25216 --- [    Test worker] org.postgresql.Driver                    : Loading driver configuration via classloader jdk.internal.loader.ClassLoaders$AppClassLoader@c387f44
2022-11-25 14:50:22.052 DEBUG 25216 --- [    Test worker] org.postgresql.Driver                    : Connecting with URL: jdbc:postgresql://localhost:5432/postgres
2022-11-25 14:50:22.064 DEBUG 25216 --- [    Test worker] org.postgresql.jdbc.PgConnection         : PostgreSQL JDBC Driver 42.3.6
2022-11-25 14:50:22.066 DEBUG 25216 --- [    Test worker] org.postgresql.jdbc.PgConnection         :   setDefaultFetchSize = 0
2022-11-25 14:50:22.067 DEBUG 25216 --- [    Test worker] org.postgresql.jdbc.PgConnection         :   setPrepareThreshold = 5
2022-11-25 14:50:22.082 DEBUG 25216 --- [    Test worker] o.p.core.v3.ConnectionFactoryImpl        : Trying to establish a protocol version 3 connection to localhost:5432
2022-11-25 14:50:22.106 DEBUG 25216 --- [    Test worker] o.p.core.v3.ConnectionFactoryImpl        : Receive Buffer Size is 65’536
2022-11-25 14:50:22.107 DEBUG 25216 --- [    Test worker] o.p.core.v3.ConnectionFactoryImpl        : Send Buffer Size is 65’536
2022-11-25 14:50:22.535 DEBUG 25216 --- [    Test worker] com.zaxxer.hikari.pool.HikariPool        : HikariPool-1 - Added connection org.postgresql.jdbc.PgConnection@638977e0
2022-11-25 14:50:22.538  INFO 25216 --- [    Test worker] com.zaxxer.hikari.HikariDataSource       : HikariPool-1 - Start completed.
2022-11-25 14:50:22.565 DEBUG 25216 --- [    Test worker] o.h.e.j.e.i.JdbcEnvironmentInitiator     : Database ->
       name : PostgreSQL
    version : 14.2 (Debian 14.2-1.pgdg110+1)
      major : 14
      minor : 2
2022-11-25 14:50:22.566 DEBUG 25216 --- [    Test worker] o.h.e.j.e.i.JdbcEnvironmentInitiator     : Driver ->
       name : PostgreSQL JDBC Driver
    version : 42.3.6
      major : 42
      minor : 3
2022-11-25 14:50:22.568 DEBUG 25216 --- [    Test worker] o.h.e.j.e.i.JdbcEnvironmentInitiator     : JDBC version : 4.2
2022-11-25 14:50:22.605  INFO 25216 --- [    Test worker] org.hibernate.dialect.Dialect            : HHH000400: Using dialect: org.hibernate.dialect.PostgreSQLDialect
2022-11-25 14:50:22.648 DEBUG 25216 --- [l-1 housekeeper] com.zaxxer.hikari.pool.HikariPool        : HikariPool-1 - Pool stats (total=1, active=1, idle=0, waiting=0)
2022-11-25 14:50:22.651 DEBUG 25216 --- [onnection adder] org.postgresql.Driver                    : Connecting with URL: jdbc:postgresql://localhost:5432/postgres
2022-11-25 14:50:22.651 DEBUG 25216 --- [onnection adder] org.postgresql.jdbc.PgConnection         : PostgreSQL JDBC Driver 42.3.6
2022-11-25 14:50:22.651 DEBUG 25216 --- [onnection adder] org.postgresql.jdbc.PgConnection         :   setDefaultFetchSize = 0
2022-11-25 14:50:22.652 DEBUG 25216 --- [onnection adder] org.postgresql.jdbc.PgConnection         :   setPrepareThreshold = 5
2022-11-25 14:50:22.652 DEBUG 25216 --- [onnection adder] o.p.core.v3.ConnectionFactoryImpl        : Trying to establish a protocol version 3 connection to localhost:5432
2022-11-25 14:50:22.656 DEBUG 25216 --- [onnection adder] o.p.core.v3.ConnectionFactoryImpl        : Receive Buffer Size is 65’536
2022-11-25 14:50:22.659 DEBUG 25216 --- [onnection adder] o.p.core.v3.ConnectionFactoryImpl        : Send Buffer Size is 65’536
2022-11-25 14:50:22.666 DEBUG 25216 --- [    Test worker] o.h.e.j.env.spi.IdentifierHelperBuilder  : JDBC driver metadata reported database stores quoted identifiers in neither upper, lower nor mixed case
2022-11-25 14:50:22.769 DEBUG 25216 --- [    Test worker] org.hibernate.type.BasicTypeRegistry     : Adding type registration pg-uuid -> org.hibernate.type.PostgresUUIDType@41f7c02d
2022-11-25 14:50:22.769 DEBUG 25216 --- [    Test worker] org.hibernate.type.BasicTypeRegistry     : Adding type registration java.util.UUID -> org.hibernate.type.PostgresUUIDType@41f7c02d
2022-11-25 14:50:22.769 DEBUG 25216 --- [    Test worker] org.hibernate.type.BasicTypeRegistry     : HHH000270: Type registration [java.util.UUID] overrides previous : org.hibernate.type.UUIDBinaryType@6181bc4a
2022-11-25 14:50:22.779 DEBUG 25216 --- [onnection adder] com.zaxxer.hikari.pool.HikariPool        : HikariPool-1 - Added connection org.postgresql.jdbc.PgConnection@5dd9c87a
2022-11-25 14:50:22.779 DEBUG 25216 --- [    Test worker] o.h.type.spi.TypeConfiguration$Scope     : Scoping TypeConfiguration [org.hibernate.type.spi.TypeConfiguration@6adcf059] to MetadataBuildingContext [org.hibernate.boot.internal.MetadataBuildingContextRootImpl@7962a746]
2022-11-25 14:50:22.780 DEBUG 25216 --- [onnection adder] org.postgresql.Driver                    : Connecting with URL: jdbc:postgresql://localhost:5432/postgres
2022-11-25 14:50:22.780 DEBUG 25216 --- [onnection adder] org.postgresql.jdbc.PgConnection         : PostgreSQL JDBC Driver 42.3.6
2022-11-25 14:50:22.780 DEBUG 25216 --- [onnection adder] org.postgresql.jdbc.PgConnection         :   setDefaultFetchSize = 0
2022-11-25 14:50:22.780 DEBUG 25216 --- [onnection adder] org.postgresql.jdbc.PgConnection         :   setPrepareThreshold = 5
2022-11-25 14:50:22.781 DEBUG 25216 --- [onnection adder] o.p.core.v3.ConnectionFactoryImpl        : Trying to establish a protocol version 3 connection to localhost:5432
2022-11-25 14:50:22.783 DEBUG 25216 --- [onnection adder] o.p.core.v3.ConnectionFactoryImpl        : Receive Buffer Size is 65’536
2022-11-25 14:50:22.783 DEBUG 25216 --- [onnection adder] o.p.core.v3.ConnectionFactoryImpl        : Send Buffer Size is 65’536
2022-11-25 14:50:22.821 DEBUG 25216 --- [onnection adder] com.zaxxer.hikari.pool.HikariPool        : HikariPool-1 - Added connection org.postgresql.jdbc.PgConnection@531e2db1
2022-11-25 14:50:22.822 DEBUG 25216 --- [onnection adder] org.postgresql.Driver                    : Connecting with URL: jdbc:postgresql://localhost:5432/postgres
2022-11-25 14:50:22.822 DEBUG 25216 --- [onnection adder] org.postgresql.jdbc.PgConnection         : PostgreSQL JDBC Driver 42.3.6
2022-11-25 14:50:22.823 DEBUG 25216 --- [onnection adder] org.postgresql.jdbc.PgConnection         :   setDefaultFetchSize = 0
2022-11-25 14:50:22.823 DEBUG 25216 --- [onnection adder] org.postgresql.jdbc.PgConnection         :   setPrepareThreshold = 5
2022-11-25 14:50:22.823 DEBUG 25216 --- [onnection adder] o.p.core.v3.ConnectionFactoryImpl        : Trying to establish a protocol version 3 connection to localhost:5432
2022-11-25 14:50:22.825 DEBUG 25216 --- [onnection adder] o.p.core.v3.ConnectionFactoryImpl        : Receive Buffer Size is 65’536
2022-11-25 14:50:22.826 DEBUG 25216 --- [onnection adder] o.p.core.v3.ConnectionFactoryImpl        : Send Buffer Size is 65’536
2022-11-25 14:50:22.859 DEBUG 25216 --- [onnection adder] com.zaxxer.hikari.pool.HikariPool        : HikariPool-1 - Added connection org.postgresql.jdbc.PgConnection@5721a30a
2022-11-25 14:50:22.859 DEBUG 25216 --- [onnection adder] org.postgresql.Driver                    : Connecting with URL: jdbc:postgresql://localhost:5432/postgres
2022-11-25 14:50:22.860 DEBUG 25216 --- [onnection adder] org.postgresql.jdbc.PgConnection         : PostgreSQL JDBC Driver 42.3.6
2022-11-25 14:50:22.861 DEBUG 25216 --- [onnection adder] org.postgresql.jdbc.PgConnection         :   setDefaultFetchSize = 0
2022-11-25 14:50:22.862 DEBUG 25216 --- [onnection adder] org.postgresql.jdbc.PgConnection         :   setPrepareThreshold = 5
2022-11-25 14:50:22.862 DEBUG 25216 --- [onnection adder] o.p.core.v3.ConnectionFactoryImpl        : Trying to establish a protocol version 3 connection to localhost:5432
2022-11-25 14:50:22.864 DEBUG 25216 --- [onnection adder] o.p.core.v3.ConnectionFactoryImpl        : Receive Buffer Size is 65’536
2022-11-25 14:50:22.865 DEBUG 25216 --- [onnection adder] o.p.core.v3.ConnectionFactoryImpl        : Send Buffer Size is 65’536
2022-11-25 14:50:22.906 DEBUG 25216 --- [onnection adder] com.zaxxer.hikari.pool.HikariPool        : HikariPool-1 - Added connection org.postgresql.jdbc.PgConnection@1223278a
2022-11-25 14:50:22.907 DEBUG 25216 --- [onnection adder] org.postgresql.Driver                    : Connecting with URL: jdbc:postgresql://localhost:5432/postgres
2022-11-25 14:50:22.907 DEBUG 25216 --- [onnection adder] org.postgresql.jdbc.PgConnection         : PostgreSQL JDBC Driver 42.3.6
2022-11-25 14:50:22.907 DEBUG 25216 --- [onnection adder] org.postgresql.jdbc.PgConnection         :   setDefaultFetchSize = 0
2022-11-25 14:50:22.908 DEBUG 25216 --- [onnection adder] org.postgresql.jdbc.PgConnection         :   setPrepareThreshold = 5
2022-11-25 14:50:22.908 DEBUG 25216 --- [onnection adder] o.p.core.v3.ConnectionFactoryImpl        : Trying to establish a protocol version 3 connection to localhost:5432
2022-11-25 14:50:22.910 DEBUG 25216 --- [onnection adder] o.p.core.v3.ConnectionFactoryImpl        : Receive Buffer Size is 65’536
2022-11-25 14:50:22.911 DEBUG 25216 --- [onnection adder] o.p.core.v3.ConnectionFactoryImpl        : Send Buffer Size is 65’536
2022-11-25 14:50:22.952 DEBUG 25216 --- [onnection adder] com.zaxxer.hikari.pool.HikariPool        : HikariPool-1 - Added connection org.postgresql.jdbc.PgConnection@1aaa7ac
2022-11-25 14:50:22.953 DEBUG 25216 --- [onnection adder] org.postgresql.Driver                    : Connecting with URL: jdbc:postgresql://localhost:5432/postgres
2022-11-25 14:50:22.953 DEBUG 25216 --- [onnection adder] org.postgresql.jdbc.PgConnection         : PostgreSQL JDBC Driver 42.3.6
2022-11-25 14:50:22.953 DEBUG 25216 --- [onnection adder] org.postgresql.jdbc.PgConnection         :   setDefaultFetchSize = 0
2022-11-25 14:50:22.953 DEBUG 25216 --- [onnection adder] org.postgresql.jdbc.PgConnection         :   setPrepareThreshold = 5
[...]
2022-11-25 14:50:33.671 DEBUG 25216 --- [    Test worker] org.springframework.test.context.cache   : Spring test ApplicationContext cache statistics: [DefaultContextCache@12e3cf1c size = 1, maxSize = 32, parentContextCount = 0, hitCount = 10, missCount = 1]
2022-11-25 14:50:33.672 DEBUG 25216 --- [    Test worker] c.DefaultCacheAwareContextLoaderDelegate : Retrieved ApplicationContext [261567641] from cache with key [[WebMergedContextConfiguration@4eeea57d testClass = UserControllerTest, locations = '{}', classes = '{class com.example.demo.DemoApplication}', contextInitializerClasses = '[]', activeProfiles = '{}', propertySourceLocations = '{}', propertySourceProperties = '{org.springframework.boot.test.context.SpringBootTestContextBootstrapper=true}', contextCustomizers = set[org.springframework.boot.test.autoconfigure.actuate.metrics.MetricsExportContextCustomizerFactory$DisableMetricExportContextCustomizer@604f2bd2, org.springframework.boot.test.autoconfigure.properties.PropertyMappingContextCustomizer@4b3fa0b3, org.springframework.boot.test.autoconfigure.web.servlet.WebDriverContextCustomizerFactory$Customizer@1f6c9cd8, [ImportsContextCustomizer@780ec4a5 key = [org.springframework.boot.test.autoconfigure.web.servlet.MockMvcAutoConfiguration, org.springframework.boot.test.autoconfigure.web.servlet.MockMvcWebClientAutoConfiguration, org.springframework.boot.test.autoconfigure.web.servlet.MockMvcWebDriverAutoConfiguration, org.springframework.boot.autoconfigure.security.oauth2.client.servlet.OAuth2ClientAutoConfiguration, org.springframework.boot.autoconfigure.security.oauth2.resource.servlet.OAuth2ResourceServerAutoConfiguration, org.springframework.boot.autoconfigure.security.servlet.SecurityAutoConfiguration, org.springframework.boot.autoconfigure.security.servlet.SecurityFilterAutoConfiguration, org.springframework.boot.autoconfigure.security.servlet.UserDetailsServiceAutoConfiguration, org.springframework.boot.test.autoconfigure.web.servlet.MockMvcSecurityConfiguration, org.springframework.boot.test.autoconfigure.web.reactive.WebTestClientAutoConfiguration]], org.springframework.boot.test.context.filter.ExcludeFilterContextCustomizer@6622fc65, org.springframework.boot.test.json.DuplicateJsonObjectContextCustomizerFactory$DuplicateJsonObjectContextCustomizer@25a6944c, org.springframework.boot.test.mock.mockito.MockitoContextCustomizer@c4f99a00, org.springframework.boot.test.web.client.TestRestTemplateContextCustomizer@3d97a632, org.springframework.boot.test.context.SpringBootTestArgs@1, org.springframework.boot.test.context.SpringBootTestWebEnvironment@56cdfb3b], resourceBasePath = 'src/main/webapp', contextLoader = 'org.springframework.boot.test.context.SpringBootContextLoader', parent = [null]]]
2022-11-25 14:50:33.672 DEBUG 25216 --- [    Test worker] org.springframework.test.context.cache   : Spring test ApplicationContext cache statistics: [DefaultContextCache@12e3cf1c size = 1, maxSize = 32, parentContextCount = 0, hitCount = 11, missCount = 1]
2022-11-25 14:50:33.679 DEBUG 25216 --- [    Test worker] c.DefaultCacheAwareContextLoaderDelegate : Retrieved ApplicationContext [261567641] from cache with key [[WebMergedContextConfiguration@4eeea57d testClass = UserControllerTest, locations = '{}', classes = '{class com.example.demo.DemoApplication}', contextInitializerClasses = '[]', activeProfiles = '{}', propertySourceLocations = '{}', propertySourceProperties = '{org.springframework.boot.test.context.SpringBootTestContextBootstrapper=true}', contextCustomizers = set[org.springframework.boot.test.autoconfigure.actuate.metrics.MetricsExportContextCustomizerFactory$DisableMetricExportContextCustomizer@604f2bd2, org.springframework.boot.test.autoconfigure.properties.PropertyMappingContextCustomizer@4b3fa0b3, org.springframework.boot.test.autoconfigure.web.servlet.WebDriverContextCustomizerFactory$Customizer@1f6c9cd8, [ImportsContextCustomizer@780ec4a5 key = [org.springframework.boot.test.autoconfigure.web.servlet.MockMvcAutoConfiguration, org.springframework.boot.test.autoconfigure.web.servlet.MockMvcWebClientAutoConfiguration, org.springframework.boot.test.autoconfigure.web.servlet.MockMvcWebDriverAutoConfiguration, org.springframework.boot.autoconfigure.security.oauth2.client.servlet.OAuth2ClientAutoConfiguration, org.springframework.boot.autoconfigure.security.oauth2.resource.servlet.OAuth2ResourceServerAutoConfiguration, org.springframework.boot.autoconfigure.security.servlet.SecurityAutoConfiguration, org.springframework.boot.autoconfigure.security.servlet.SecurityFilterAutoConfiguration, org.springframework.boot.autoconfigure.security.servlet.UserDetailsServiceAutoConfiguration, org.springframework.boot.test.autoconfigure.web.servlet.MockMvcSecurityConfiguration, org.springframework.boot.test.autoconfigure.web.reactive.WebTestClientAutoConfiguration]], org.springframework.boot.test.context.filter.ExcludeFilterContextCustomizer@6622fc65, org.springframework.boot.test.json.DuplicateJsonObjectContextCustomizerFactory$DuplicateJsonObjectContextCustomizer@25a6944c, org.springframework.boot.test.mock.mockito.MockitoContextCustomizer@c4f99a00, org.springframework.boot.test.web.client.TestRestTemplateContextCustomizer@3d97a632, org.springframework.boot.test.context.SpringBootTestArgs@1, org.springframework.boot.test.context.SpringBootTestWebEnvironment@56cdfb3b], resourceBasePath = 'src/main/webapp', contextLoader = 'org.springframework.boot.test.context.SpringBootContextLoader', parent = [null]]]
2022-11-25 14:50:33.679 DEBUG 25216 --- [    Test worker] org.springframework.test.context.cache   : Spring test ApplicationContext cache statistics: [DefaultContextCache@12e3cf1c size = 1, maxSize = 32, parentContextCount = 0, hitCount = 12, missCount = 1]
2022-11-25 14:50:33.683 DEBUG 25216 --- [    Test worker] tractDirtiesContextTestExecutionListener : After test method: context [DefaultTestContext@61a002b1 testClass = UserControllerTest, testInstance = com.example.demo.domain.user.UserControllerTest@24489d12, testMethod = getAllUsers@UserControllerTest, testException = [null], mergedContextConfiguration = [WebMergedContextConfiguration@4eeea57d testClass = UserControllerTest, locations = '{}', classes = '{class com.example.demo.DemoApplication}', contextInitializerClasses = '[]', activeProfiles = '{}', propertySourceLocations = '{}', propertySourceProperties = '{org.springframework.boot.test.context.SpringBootTestContextBootstrapper=true}', contextCustomizers = set[org.springframework.boot.test.autoconfigure.actuate.metrics.MetricsExportContextCustomizerFactory$DisableMetricExportContextCustomizer@604f2bd2, org.springframework.boot.test.autoconfigure.properties.PropertyMappingContextCustomizer@4b3fa0b3, org.springframework.boot.test.autoconfigure.web.servlet.WebDriverContextCustomizerFactory$Customizer@1f6c9cd8, [ImportsContextCustomizer@780ec4a5 key = [org.springframework.boot.test.autoconfigure.web.servlet.MockMvcAutoConfiguration, org.springframework.boot.test.autoconfigure.web.servlet.MockMvcWebClientAutoConfiguration, org.springframework.boot.test.autoconfigure.web.servlet.MockMvcWebDriverAutoConfiguration, org.springframework.boot.autoconfigure.security.oauth2.client.servlet.OAuth2ClientAutoConfiguration, org.springframework.boot.autoconfigure.security.oauth2.resource.servlet.OAuth2ResourceServerAutoConfiguration, org.springframework.boot.autoconfigure.security.servlet.SecurityAutoConfiguration, org.springframework.boot.autoconfigure.security.servlet.SecurityFilterAutoConfiguration, org.springframework.boot.autoconfigure.security.servlet.UserDetailsServiceAutoConfiguration, org.springframework.boot.test.autoconfigure.web.servlet.MockMvcSecurityConfiguration, org.springframework.boot.test.autoconfigure.web.reactive.WebTestClientAutoConfiguration]], org.springframework.boot.test.context.filter.ExcludeFilterContextCustomizer@6622fc65, org.springframework.boot.test.json.DuplicateJsonObjectContextCustomizerFactory$DuplicateJsonObjectContextCustomizer@25a6944c, org.springframework.boot.test.mock.mockito.MockitoContextCustomizer@c4f99a00, org.springframework.boot.test.web.client.TestRestTemplateContextCustomizer@3d97a632, org.springframework.boot.test.context.SpringBootTestArgs@1, org.springframework.boot.test.context.SpringBootTestWebEnvironment@56cdfb3b], resourceBasePath = 'src/main/webapp', contextLoader = 'org.springframework.boot.test.context.SpringBootContextLoader', parent = [null]], attributes = map['org.springframework.test.context.web.ServletTestExecutionListener.activateListener' -> true, 'org.springframework.test.context.web.ServletTestExecutionListener.populatedRequestContextHolder' -> true, 'org.springframework.test.context.web.ServletTestExecutionListener.resetRequestContextHolder' -> true, 'org.springframework.test.context.event.ApplicationEventsTestExecutionListener.recordApplicationEvents' -> false]], class annotated with @DirtiesContext [false] with mode [null], method annotated with @DirtiesContext [false] with mode [null].
2022-11-25 14:50:33.683 DEBUG 25216 --- [    Test worker] o.s.t.c.w.ServletTestExecutionListener   : Resetting RequestContextHolder for test context [DefaultTestContext@61a002b1 testClass = UserControllerTest, testInstance = com.example.demo.domain.user.UserControllerTest@24489d12, testMethod = getAllUsers@UserControllerTest, testException = [null], mergedContextConfiguration = [WebMergedContextConfiguration@4eeea57d testClass = UserControllerTest, locations = '{}', classes = '{class com.example.demo.DemoApplication}', contextInitializerClasses = '[]', activeProfiles = '{}', propertySourceLocations = '{}', propertySourceProperties = '{org.springframework.boot.test.context.SpringBootTestContextBootstrapper=true}', contextCustomizers = set[org.springframework.boot.test.autoconfigure.actuate.metrics.MetricsExportContextCustomizerFactory$DisableMetricExportContextCustomizer@604f2bd2, org.springframework.boot.test.autoconfigure.properties.PropertyMappingContextCustomizer@4b3fa0b3, org.springframework.boot.test.autoconfigure.web.servlet.WebDriverContextCustomizerFactory$Customizer@1f6c9cd8, [ImportsContextCustomizer@780ec4a5 key = [org.springframework.boot.test.autoconfigure.web.servlet.MockMvcAutoConfiguration, org.springframework.boot.test.autoconfigure.web.servlet.MockMvcWebClientAutoConfiguration, org.springframework.boot.test.autoconfigure.web.servlet.MockMvcWebDriverAutoConfiguration, org.springframework.boot.autoconfigure.security.oauth2.client.servlet.OAuth2ClientAutoConfiguration, org.springframework.boot.autoconfigure.security.oauth2.resource.servlet.OAuth2ResourceServerAutoConfiguration, org.springframework.boot.autoconfigure.security.servlet.SecurityAutoConfiguration, org.springframework.boot.autoconfigure.security.servlet.SecurityFilterAutoConfiguration, org.springframework.boot.autoconfigure.security.servlet.UserDetailsServiceAutoConfiguration, org.springframework.boot.test.autoconfigure.web.servlet.MockMvcSecurityConfiguration, org.springframework.boot.test.autoconfigure.web.reactive.WebTestClientAutoConfiguration]], org.springframework.boot.test.context.filter.ExcludeFilterContextCustomizer@6622fc65, org.springframework.boot.test.json.DuplicateJsonObjectContextCustomizerFactory$DuplicateJsonObjectContextCustomizer@25a6944c, org.springframework.boot.test.mock.mockito.MockitoContextCustomizer@c4f99a00, org.springframework.boot.test.web.client.TestRestTemplateContextCustomizer@3d97a632, org.springframework.boot.test.context.SpringBootTestArgs@1, org.springframework.boot.test.context.SpringBootTestWebEnvironment@56cdfb3b], resourceBasePath = 'src/main/webapp', contextLoader = 'org.springframework.boot.test.context.SpringBootContextLoader', parent = [null]], attributes = map['org.springframework.test.context.web.ServletTestExecutionListener.activateListener' -> true, 'org.springframework.test.context.web.ServletTestExecutionListener.populatedRequestContextHolder' -> true, 'org.springframework.test.context.web.ServletTestExecutionListener.resetRequestContextHolder' -> true, 'org.springframework.test.context.event.ApplicationEventsTestExecutionListener.recordApplicationEvents' -> false]].
2022-11-25 14:50:33.729 DEBUG 25216 --- [    Test worker] c.DefaultCacheAwareContextLoaderDelegate : Retrieved ApplicationContext [261567641] from cache with key [[WebMergedContextConfiguration@4eeea57d testClass = UserControllerTest, locations = '{}', classes = '{class com.example.demo.DemoApplication}', contextInitializerClasses = '[]', activeProfiles = '{}', propertySourceLocations = '{}', propertySourceProperties = '{org.springframework.boot.test.context.SpringBootTestContextBootstrapper=true}', contextCustomizers = set[org.springframework.boot.test.autoconfigure.actuate.metrics.MetricsExportContextCustomizerFactory$DisableMetricExportContextCustomizer@604f2bd2, org.springframework.boot.test.autoconfigure.properties.PropertyMappingContextCustomizer@4b3fa0b3, org.springframework.boot.test.autoconfigure.web.servlet.WebDriverContextCustomizerFactory$Customizer@1f6c9cd8, [ImportsContextCustomizer@780ec4a5 key = [org.springframework.boot.test.autoconfigure.web.servlet.MockMvcAutoConfiguration, org.springframework.boot.test.autoconfigure.web.servlet.MockMvcWebClientAutoConfiguration, org.springframework.boot.test.autoconfigure.web.servlet.MockMvcWebDriverAutoConfiguration, org.springframework.boot.autoconfigure.security.oauth2.client.servlet.OAuth2ClientAutoConfiguration, org.springframework.boot.autoconfigure.security.oauth2.resource.servlet.OAuth2ResourceServerAutoConfiguration, org.springframework.boot.autoconfigure.security.servlet.SecurityAutoConfiguration, org.springframework.boot.autoconfigure.security.servlet.SecurityFilterAutoConfiguration, org.springframework.boot.autoconfigure.security.servlet.UserDetailsServiceAutoConfiguration, org.springframework.boot.test.autoconfigure.web.servlet.MockMvcSecurityConfiguration, org.springframework.boot.test.autoconfigure.web.reactive.WebTestClientAutoConfiguration]], org.springframework.boot.test.context.filter.ExcludeFilterContextCustomizer@6622fc65, org.springframework.boot.test.json.DuplicateJsonObjectContextCustomizerFactory$DuplicateJsonObjectContextCustomizer@25a6944c, org.springframework.boot.test.mock.mockito.MockitoContextCustomizer@c4f99a00, org.springframework.boot.test.web.client.TestRestTemplateContextCustomizer@3d97a632, org.springframework.boot.test.context.SpringBootTestArgs@1, org.springframework.boot.test.context.SpringBootTestWebEnvironment@56cdfb3b], resourceBasePath = 'src/main/webapp', contextLoader = 'org.springframework.boot.test.context.SpringBootContextLoader', parent = [null]]]
2022-11-25 14:50:33.730 DEBUG 25216 --- [    Test worker] org.springframework.test.context.cache   : Spring test ApplicationContext cache statistics: [DefaultContextCache@12e3cf1c size = 1, maxSize = 32, parentContextCount = 0, hitCount = 13, missCount = 1]
2022-11-25 14:50:33.731 DEBUG 25216 --- [    Test worker] tractDirtiesContextTestExecutionListener : After test class: context [DefaultTestContext@61a002b1 testClass = UserControllerTest, testInstance = [null], testMethod = [null], testException = [null], mergedContextConfiguration = [WebMergedContextConfiguration@4eeea57d testClass = UserControllerTest, locations = '{}', classes = '{class com.example.demo.DemoApplication}', contextInitializerClasses = '[]', activeProfiles = '{}', propertySourceLocations = '{}', propertySourceProperties = '{org.springframework.boot.test.context.SpringBootTestContextBootstrapper=true}', contextCustomizers = set[org.springframework.boot.test.autoconfigure.actuate.metrics.MetricsExportContextCustomizerFactory$DisableMetricExportContextCustomizer@604f2bd2, org.springframework.boot.test.autoconfigure.properties.PropertyMappingContextCustomizer@4b3fa0b3, org.springframework.boot.test.autoconfigure.web.servlet.WebDriverContextCustomizerFactory$Customizer@1f6c9cd8, [ImportsContextCustomizer@780ec4a5 key = [org.springframework.boot.test.autoconfigure.web.servlet.MockMvcAutoConfiguration, org.springframework.boot.test.autoconfigure.web.servlet.MockMvcWebClientAutoConfiguration, org.springframework.boot.test.autoconfigure.web.servlet.MockMvcWebDriverAutoConfiguration, org.springframework.boot.autoconfigure.security.oauth2.client.servlet.OAuth2ClientAutoConfiguration, org.springframework.boot.autoconfigure.security.oauth2.resource.servlet.OAuth2ResourceServerAutoConfiguration, org.springframework.boot.autoconfigure.security.servlet.SecurityAutoConfiguration, org.springframework.boot.autoconfigure.security.servlet.SecurityFilterAutoConfiguration, org.springframework.boot.autoconfigure.security.servlet.UserDetailsServiceAutoConfiguration, org.springframework.boot.test.autoconfigure.web.servlet.MockMvcSecurityConfiguration, org.springframework.boot.test.autoconfigure.web.reactive.WebTestClientAutoConfiguration]], org.springframework.boot.test.context.filter.ExcludeFilterContextCustomizer@6622fc65, org.springframework.boot.test.json.DuplicateJsonObjectContextCustomizerFactory$DuplicateJsonObjectContextCustomizer@25a6944c, org.springframework.boot.test.mock.mockito.MockitoContextCustomizer@c4f99a00, org.springframework.boot.test.web.client.TestRestTemplateContextCustomizer@3d97a632, org.springframework.boot.test.context.SpringBootTestArgs@1, org.springframework.boot.test.context.SpringBootTestWebEnvironment@56cdfb3b], resourceBasePath = 'src/main/webapp', contextLoader = 'org.springframework.boot.test.context.SpringBootContextLoader', parent = [null]], attributes = map['org.springframework.test.context.web.ServletTestExecutionListener.activateListener' -> true, 'org.springframework.test.context.event.ApplicationEventsTestExecutionListener.recordApplicationEvents' -> false, 'org.springframework.test.context.support.DependencyInjectionTestExecutionListener.reinjectDependencies' -> true]], class annotated with @DirtiesContext [false] with mode [null].
]]></system-out>
  <system-err><![CDATA[]]></system-err>
</testsuite>
